CRITICAL - 2023-04-06 21:18:12 --> Class "App\Models\AuthModel" not found
in APPPATH/Controllers/Auth.php on line 27.
 1 SYSTEMPATH/CodeIgniter.php(906): App\Controllers\Auth->__construct()
 2 SYSTEMPATH/CodeIgniter.php(490): CodeIgniter\CodeIgniter->createController()
 3 SYSTEMPATH/CodeIgniter.php(368): CodeIgniter\CodeIgniter->handleRequest(null, Object(Config\Cache), false)
 4 FCPATH/index.php(67): CodeIgniter\CodeIgniter->run()
CRITICAL - 2023-04-06 21:18:13 --> Class "App\Models\AuthModel" not found
in APPPATH/Controllers/Auth.php on line 27.
 1 SYSTEMPATH/CodeIgniter.php(906): App\Controllers\Auth->__construct()
 2 SYSTEMPATH/CodeIgniter.php(490): CodeIgniter\CodeIgniter->createController()
 3 SYSTEMPATH/CodeIgniter.php(368): CodeIgniter\CodeIgniter->handleRequest(null, Object(Config\Cache), false)
 4 FCPATH/index.php(67): CodeIgniter\CodeIgniter->run()
CRITICAL - 2023-04-06 21:18:13 --> Class "App\Models\AuthModel" not found
in APPPATH/Controllers/Auth.php on line 27.
 1 SYSTEMPATH/CodeIgniter.php(906): App\Controllers\Auth->__construct()
 2 SYSTEMPATH/CodeIgniter.php(490): CodeIgniter\CodeIgniter->createController()
 3 SYSTEMPATH/CodeIgniter.php(368): CodeIgniter\CodeIgniter->handleRequest(null, Object(Config\Cache), false)
 4 FCPATH/index.php(67): CodeIgniter\CodeIgniter->run()
CRITICAL - 2023-04-06 21:18:13 --> Class "App\Models\AuthModel" not found
in APPPATH/Controllers/Auth.php on line 27.
 1 SYSTEMPATH/CodeIgniter.php(906): App\Controllers\Auth->__construct()
 2 SYSTEMPATH/CodeIgniter.php(490): CodeIgniter\CodeIgniter->createController()
 3 SYSTEMPATH/CodeIgniter.php(368): CodeIgniter\CodeIgniter->handleRequest(null, Object(Config\Cache), false)
 4 FCPATH/index.php(67): CodeIgniter\CodeIgniter->run()
CRITICAL - 2023-04-06 21:18:14 --> Class "App\Models\AuthModel" not found
in APPPATH/Controllers/Auth.php on line 27.
 1 SYSTEMPATH/CodeIgniter.php(906): App\Controllers\Auth->__construct()
 2 SYSTEMPATH/CodeIgniter.php(490): CodeIgniter\CodeIgniter->createController()
 3 SYSTEMPATH/CodeIgniter.php(368): CodeIgniter\CodeIgniter->handleRequest(null, Object(Config\Cache), false)
 4 FCPATH/index.php(67): CodeIgniter\CodeIgniter->run()
CRITICAL - 2023-04-06 21:18:15 --> Class "App\Models\AuthModel" not found
in APPPATH/Controllers/Auth.php on line 27.
 1 SYSTEMPATH/CodeIgniter.php(906): App\Controllers\Auth->__construct()
 2 SYSTEMPATH/CodeIgniter.php(490): CodeIgniter\CodeIgniter->createController()
 3 SYSTEMPATH/CodeIgniter.php(368): CodeIgniter\CodeIgniter->handleRequest(null, Object(Config\Cache), false)
 4 FCPATH/index.php(67): CodeIgniter\CodeIgniter->run()
CRITICAL - 2023-04-06 21:18:15 --> ini_set(): Session ini settings cannot be changed when a session is active
in SYSTEMPATH/Session/Handlers/FileHandler.php on line 72.
 1 [internal function]: CodeIgniter\Debug\Exceptions->errorHandler(2, 'ini_set(): Session ini settings cannot be changed when a session is active', '/data/web/virtuals/52251/virtual/www/subdom/smart/system/Session/Handlers/FileHandler.php', 72)
 2 SYSTEMPATH/Session/Handlers/FileHandler.php(72): ini_set('session.save_path', '/data/web/virtuals/52251/virtual/www/subdom/smart/writable/session')
 3 SYSTEMPATH/Config/Services.php(667): CodeIgniter\Session\Handlers\FileHandler->__construct(Object(Config\App), '46.135.2.96')
 4 SYSTEMPATH/Config/BaseService.php(252): CodeIgniter\Config\Services::session(Object(Config\App), false)
 5 SYSTEMPATH/Config/BaseService.php(193): CodeIgniter\Config\BaseService::__callStatic('session', [...])
 6 SYSTEMPATH/Config/Services.php(641): CodeIgniter\Config\BaseService::getSharedInstance('session', null)
 7 SYSTEMPATH/Config/BaseService.php(252): CodeIgniter\Config\Services::session()
 8 SYSTEMPATH/Common.php(988): CodeIgniter\Config\BaseService::__callStatic('session', [])
 9 APPPATH/Controllers/Auth.php(28): session()
10 SYSTEMPATH/CodeIgniter.php(906): App\Controllers\Auth->__construct()
11 SYSTEMPATH/CodeIgniter.php(490): CodeIgniter\CodeIgniter->createController()
12 SYSTEMPATH/CodeIgniter.php(368): CodeIgniter\CodeIgniter->handleRequest(null, Object(Config\Cache), false)
13 FCPATH/index.php(67): CodeIgniter\CodeIgniter->run()
CRITICAL - 2023-04-06 21:18:15 --> ini_set(): Session ini settings cannot be changed when a session is active
in SYSTEMPATH/Session/Handlers/FileHandler.php on line 72.
 1 [internal function]: CodeIgniter\Debug\Exceptions->errorHandler(2, 'ini_set(): Session ini settings cannot be changed when a session is active', '/data/web/virtuals/52251/virtual/www/subdom/smart/system/Session/Handlers/FileHandler.php', 72)
 2 SYSTEMPATH/Session/Handlers/FileHandler.php(72): ini_set('session.save_path', '/data/web/virtuals/52251/virtual/www/subdom/smart/writable/session')
 3 SYSTEMPATH/Config/Services.php(667): CodeIgniter\Session\Handlers\FileHandler->__construct(Object(Config\App), '46.135.2.96')
 4 SYSTEMPATH/Config/BaseService.php(252): CodeIgniter\Config\Services::session(Object(Config\App), false)
 5 SYSTEMPATH/Config/BaseService.php(193): CodeIgniter\Config\BaseService::__callStatic('session', [...])
 6 SYSTEMPATH/Config/Services.php(641): CodeIgniter\Config\BaseService::getSharedInstance('session', null)
 7 SYSTEMPATH/Config/BaseService.php(252): CodeIgniter\Config\Services::session()
 8 SYSTEMPATH/Common.php(988): CodeIgniter\Config\BaseService::__callStatic('session', [])
 9 APPPATH/Controllers/Auth.php(28): session()
10 SYSTEMPATH/CodeIgniter.php(906): App\Controllers\Auth->__construct()
11 SYSTEMPATH/CodeIgniter.php(490): CodeIgniter\CodeIgniter->createController()
12 SYSTEMPATH/CodeIgniter.php(368): CodeIgniter\CodeIgniter->handleRequest(null, Object(Config\Cache), false)
13 FCPATH/index.php(67): CodeIgniter\CodeIgniter->run()
CRITICAL - 2023-04-06 21:18:15 --> ini_set(): Session ini settings cannot be changed when a session is active
in SYSTEMPATH/Session/Handlers/FileHandler.php on line 72.
 1 [internal function]: CodeIgniter\Debug\Exceptions->errorHandler(2, 'ini_set(): Session ini settings cannot be changed when a session is active', '/data/web/virtuals/52251/virtual/www/subdom/smart/system/Session/Handlers/FileHandler.php', 72)
 2 SYSTEMPATH/Session/Handlers/FileHandler.php(72): ini_set('session.save_path', '/data/web/virtuals/52251/virtual/www/subdom/smart/writable/session')
 3 SYSTEMPATH/Config/Services.php(667): CodeIgniter\Session\Handlers\FileHandler->__construct(Object(Config\App), '46.135.2.96')
 4 SYSTEMPATH/Config/BaseService.php(252): CodeIgniter\Config\Services::session(Object(Config\App), false)
 5 SYSTEMPATH/Config/BaseService.php(193): CodeIgniter\Config\BaseService::__callStatic('session', [...])
 6 SYSTEMPATH/Config/Services.php(641): CodeIgniter\Config\BaseService::getSharedInstance('session', null)
 7 SYSTEMPATH/Config/BaseService.php(252): CodeIgniter\Config\Services::session()
 8 SYSTEMPATH/Common.php(988): CodeIgniter\Config\BaseService::__callStatic('session', [])
 9 APPPATH/Controllers/Auth.php(28): session()
10 SYSTEMPATH/CodeIgniter.php(906): App\Controllers\Auth->__construct()
11 SYSTEMPATH/CodeIgniter.php(490): CodeIgniter\CodeIgniter->createController()
12 SYSTEMPATH/CodeIgniter.php(368): CodeIgniter\CodeIgniter->handleRequest(null, Object(Config\Cache), false)
13 FCPATH/index.php(67): CodeIgniter\CodeIgniter->run()
CRITICAL - 2023-04-06 21:18:18 --> Invalid file: "templates/header.php"
in SYSTEMPATH/Exceptions/FrameworkException.php on line 33.
 1 SYSTEMPATH/View/View.php(201): CodeIgniter\Exceptions\FrameworkException::forInvalidFile('templates/header.php')
 2 SYSTEMPATH/Common.php(1184): CodeIgniter\View\View->render('templates/header', [], true)
 3 APPPATH/Controllers/Home.php(24): view('templates/header')
 4 SYSTEMPATH/CodeIgniter.php(934): App\Controllers\Home->index()
 5 SYSTEMPATH/CodeIgniter.php(499): CodeIgniter\CodeIgniter->runController(Object(App\Controllers\Home))
 6 SYSTEMPATH/CodeIgniter.php(368): CodeIgniter\CodeIgniter->handleRequest(null, Object(Config\Cache), false)
 7 FCPATH/index.php(67): CodeIgniter\CodeIgniter->run()
CRITICAL - 2023-04-06 21:21:28 --> ini_set(): Session ini settings cannot be changed when a session is active
in SYSTEMPATH/Session/Handlers/FileHandler.php on line 72.
 1 [internal function]: CodeIgniter\Debug\Exceptions->errorHandler(2, 'ini_set(): Session ini settings cannot be changed when a session is active', '/data/web/virtuals/52251/virtual/www/subdom/smart/system/Session/Handlers/FileHandler.php', 72)
 2 SYSTEMPATH/Session/Handlers/FileHandler.php(72): ini_set('session.save_path', '/data/web/virtuals/52251/virtual/www/subdom/smart/writable/session')
 3 SYSTEMPATH/Config/Services.php(667): CodeIgniter\Session\Handlers\FileHandler->__construct(Object(Config\App), '46.135.2.96')
 4 SYSTEMPATH/Config/BaseService.php(252): CodeIgniter\Config\Services::session(Object(Config\App), false)
 5 SYSTEMPATH/Config/BaseService.php(193): CodeIgniter\Config\BaseService::__callStatic('session', [...])
 6 SYSTEMPATH/Config/Services.php(641): CodeIgniter\Config\BaseService::getSharedInstance('session', null)
 7 SYSTEMPATH/Config/BaseService.php(252): CodeIgniter\Config\Services::session()
 8 SYSTEMPATH/Common.php(988): CodeIgniter\Config\BaseService::__callStatic('session', [])
 9 APPPATH/Controllers/Auth.php(28): session()
10 SYSTEMPATH/CodeIgniter.php(906): App\Controllers\Auth->__construct()
11 SYSTEMPATH/CodeIgniter.php(490): CodeIgniter\CodeIgniter->createController()
12 SYSTEMPATH/CodeIgniter.php(368): CodeIgniter\CodeIgniter->handleRequest(null, Object(Config\Cache), false)
13 FCPATH/index.php(67): CodeIgniter\CodeIgniter->run()
CRITICAL - 2023-04-06 21:24:46 --> ini_set(): Session ini settings cannot be changed when a session is active
in SYSTEMPATH/Session/Handlers/FileHandler.php on line 72.
 1 [internal function]: CodeIgniter\Debug\Exceptions->errorHandler(2, 'ini_set(): Session ini settings cannot be changed when a session is active', '/data/web/virtuals/52251/virtual/www/subdom/smart/system/Session/Handlers/FileHandler.php', 72)
 2 SYSTEMPATH/Session/Handlers/FileHandler.php(72): ini_set('session.save_path', '/data/web/virtuals/52251/virtual/www/subdom/smart/writable/session')
 3 SYSTEMPATH/Config/Services.php(667): CodeIgniter\Session\Handlers\FileHandler->__construct(Object(Config\App), '46.135.2.96')
 4 SYSTEMPATH/Config/BaseService.php(252): CodeIgniter\Config\Services::session(Object(Config\App), false)
 5 SYSTEMPATH/Config/BaseService.php(193): CodeIgniter\Config\BaseService::__callStatic('session', [...])
 6 SYSTEMPATH/Config/Services.php(641): CodeIgniter\Config\BaseService::getSharedInstance('session', null)
 7 SYSTEMPATH/Config/BaseService.php(252): CodeIgniter\Config\Services::session()
 8 SYSTEMPATH/Common.php(988): CodeIgniter\Config\BaseService::__callStatic('session', [])
 9 APPPATH/Controllers/Auth.php(28): session()
10 SYSTEMPATH/CodeIgniter.php(906): App\Controllers\Auth->__construct()
11 SYSTEMPATH/CodeIgniter.php(490): CodeIgniter\CodeIgniter->createController()
12 SYSTEMPATH/CodeIgniter.php(368): CodeIgniter\CodeIgniter->handleRequest(null, Object(Config\Cache), false)
13 FCPATH/index.php(67): CodeIgniter\CodeIgniter->run()
CRITICAL - 2023-04-06 21:24:47 --> ini_set(): Session ini settings cannot be changed when a session is active
in SYSTEMPATH/Session/Handlers/FileHandler.php on line 72.
 1 [internal function]: CodeIgniter\Debug\Exceptions->errorHandler(2, 'ini_set(): Session ini settings cannot be changed when a session is active', '/data/web/virtuals/52251/virtual/www/subdom/smart/system/Session/Handlers/FileHandler.php', 72)
 2 SYSTEMPATH/Session/Handlers/FileHandler.php(72): ini_set('session.save_path', '/data/web/virtuals/52251/virtual/www/subdom/smart/writable/session')
 3 SYSTEMPATH/Config/Services.php(667): CodeIgniter\Session\Handlers\FileHandler->__construct(Object(Config\App), '46.135.2.96')
 4 SYSTEMPATH/Config/BaseService.php(252): CodeIgniter\Config\Services::session(Object(Config\App), false)
 5 SYSTEMPATH/Config/BaseService.php(193): CodeIgniter\Config\BaseService::__callStatic('session', [...])
 6 SYSTEMPATH/Config/Services.php(641): CodeIgniter\Config\BaseService::getSharedInstance('session', null)
 7 SYSTEMPATH/Config/BaseService.php(252): CodeIgniter\Config\Services::session()
 8 SYSTEMPATH/Common.php(988): CodeIgniter\Config\BaseService::__callStatic('session', [])
 9 APPPATH/Controllers/Auth.php(28): session()
10 SYSTEMPATH/CodeIgniter.php(906): App\Controllers\Auth->__construct()
11 SYSTEMPATH/CodeIgniter.php(490): CodeIgniter\CodeIgniter->createController()
12 SYSTEMPATH/CodeIgniter.php(368): CodeIgniter\CodeIgniter->handleRequest(null, Object(Config\Cache), false)
13 FCPATH/index.php(67): CodeIgniter\CodeIgniter->run()
CRITICAL - 2023-04-06 21:24:50 --> ini_set(): Session ini settings cannot be changed when a session is active
in SYSTEMPATH/Session/Handlers/FileHandler.php on line 72.
 1 [internal function]: CodeIgniter\Debug\Exceptions->errorHandler(2, 'ini_set(): Session ini settings cannot be changed when a session is active', '/data/web/virtuals/52251/virtual/www/subdom/smart/system/Session/Handlers/FileHandler.php', 72)
 2 SYSTEMPATH/Session/Handlers/FileHandler.php(72): ini_set('session.save_path', '/data/web/virtuals/52251/virtual/www/subdom/smart/writable/session')
 3 SYSTEMPATH/Config/Services.php(667): CodeIgniter\Session\Handlers\FileHandler->__construct(Object(Config\App), '46.135.2.96')
 4 SYSTEMPATH/Config/BaseService.php(252): CodeIgniter\Config\Services::session(Object(Config\App), false)
 5 SYSTEMPATH/Config/BaseService.php(193): CodeIgniter\Config\BaseService::__callStatic('session', [...])
 6 SYSTEMPATH/Config/Services.php(641): CodeIgniter\Config\BaseService::getSharedInstance('session', null)
 7 SYSTEMPATH/Config/BaseService.php(252): CodeIgniter\Config\Services::session()
 8 SYSTEMPATH/Common.php(988): CodeIgniter\Config\BaseService::__callStatic('session', [])
 9 APPPATH/Controllers/Auth.php(28): session()
10 SYSTEMPATH/CodeIgniter.php(906): App\Controllers\Auth->__construct()
11 SYSTEMPATH/CodeIgniter.php(490): CodeIgniter\CodeIgniter->createController()
12 SYSTEMPATH/CodeIgniter.php(368): CodeIgniter\CodeIgniter->handleRequest(null, Object(Config\Cache), false)
13 FCPATH/index.php(67): CodeIgniter\CodeIgniter->run()
CRITICAL - 2023-04-06 21:24:57 --> ini_set(): Session ini settings cannot be changed when a session is active
in SYSTEMPATH/Session/Handlers/FileHandler.php on line 72.
 1 [internal function]: CodeIgniter\Debug\Exceptions->errorHandler(2, 'ini_set(): Session ini settings cannot be changed when a session is active', '/data/web/virtuals/52251/virtual/www/subdom/smart/system/Session/Handlers/FileHandler.php', 72)
 2 SYSTEMPATH/Session/Handlers/FileHandler.php(72): ini_set('session.save_path', '/data/web/virtuals/52251/virtual/www/subdom/smart/writable/session')
 3 SYSTEMPATH/Config/Services.php(667): CodeIgniter\Session\Handlers\FileHandler->__construct(Object(Config\App), '46.135.2.96')
 4 SYSTEMPATH/Config/BaseService.php(252): CodeIgniter\Config\Services::session(Object(Config\App), false)
 5 SYSTEMPATH/Config/BaseService.php(193): CodeIgniter\Config\BaseService::__callStatic('session', [...])
 6 SYSTEMPATH/Config/Services.php(641): CodeIgniter\Config\BaseService::getSharedInstance('session', null)
 7 SYSTEMPATH/Config/BaseService.php(252): CodeIgniter\Config\Services::session()
 8 SYSTEMPATH/Common.php(988): CodeIgniter\Config\BaseService::__callStatic('session', [])
 9 APPPATH/Controllers/Auth.php(28): session()
10 SYSTEMPATH/CodeIgniter.php(906): App\Controllers\Auth->__construct()
11 SYSTEMPATH/CodeIgniter.php(490): CodeIgniter\CodeIgniter->createController()
12 SYSTEMPATH/CodeIgniter.php(368): CodeIgniter\CodeIgniter->handleRequest(null, Object(Config\Cache), false)
13 FCPATH/index.php(67): CodeIgniter\CodeIgniter->run()
CRITICAL - 2023-04-06 21:24:58 --> ini_set(): Session ini settings cannot be changed when a session is active
in SYSTEMPATH/Session/Handlers/FileHandler.php on line 72.
 1 [internal function]: CodeIgniter\Debug\Exceptions->errorHandler(2, 'ini_set(): Session ini settings cannot be changed when a session is active', '/data/web/virtuals/52251/virtual/www/subdom/smart/system/Session/Handlers/FileHandler.php', 72)
 2 SYSTEMPATH/Session/Handlers/FileHandler.php(72): ini_set('session.save_path', '/data/web/virtuals/52251/virtual/www/subdom/smart/writable/session')
 3 SYSTEMPATH/Config/Services.php(667): CodeIgniter\Session\Handlers\FileHandler->__construct(Object(Config\App), '46.135.2.96')
 4 SYSTEMPATH/Config/BaseService.php(252): CodeIgniter\Config\Services::session(Object(Config\App), false)
 5 SYSTEMPATH/Config/BaseService.php(193): CodeIgniter\Config\BaseService::__callStatic('session', [...])
 6 SYSTEMPATH/Config/Services.php(641): CodeIgniter\Config\BaseService::getSharedInstance('session', null)
 7 SYSTEMPATH/Config/BaseService.php(252): CodeIgniter\Config\Services::session()
 8 SYSTEMPATH/Common.php(988): CodeIgniter\Config\BaseService::__callStatic('session', [])
 9 APPPATH/Controllers/Auth.php(28): session()
10 SYSTEMPATH/CodeIgniter.php(906): App\Controllers\Auth->__construct()
11 SYSTEMPATH/CodeIgniter.php(490): CodeIgniter\CodeIgniter->createController()
12 SYSTEMPATH/CodeIgniter.php(368): CodeIgniter\CodeIgniter->handleRequest(null, Object(Config\Cache), false)
13 FCPATH/index.php(67): CodeIgniter\CodeIgniter->run()
CRITICAL - 2023-04-06 21:24:59 --> ini_set(): Session ini settings cannot be changed when a session is active
in SYSTEMPATH/Session/Handlers/FileHandler.php on line 72.
 1 [internal function]: CodeIgniter\Debug\Exceptions->errorHandler(2, 'ini_set(): Session ini settings cannot be changed when a session is active', '/data/web/virtuals/52251/virtual/www/subdom/smart/system/Session/Handlers/FileHandler.php', 72)
 2 SYSTEMPATH/Session/Handlers/FileHandler.php(72): ini_set('session.save_path', '/data/web/virtuals/52251/virtual/www/subdom/smart/writable/session')
 3 SYSTEMPATH/Config/Services.php(667): CodeIgniter\Session\Handlers\FileHandler->__construct(Object(Config\App), '46.135.2.96')
 4 SYSTEMPATH/Config/BaseService.php(252): CodeIgniter\Config\Services::session(Object(Config\App), false)
 5 SYSTEMPATH/Config/BaseService.php(193): CodeIgniter\Config\BaseService::__callStatic('session', [...])
 6 SYSTEMPATH/Config/Services.php(641): CodeIgniter\Config\BaseService::getSharedInstance('session', null)
 7 SYSTEMPATH/Config/BaseService.php(252): CodeIgniter\Config\Services::session()
 8 SYSTEMPATH/Common.php(988): CodeIgniter\Config\BaseService::__callStatic('session', [])
 9 APPPATH/Controllers/Auth.php(28): session()
10 SYSTEMPATH/CodeIgniter.php(906): App\Controllers\Auth->__construct()
11 SYSTEMPATH/CodeIgniter.php(490): CodeIgniter\CodeIgniter->createController()
12 SYSTEMPATH/CodeIgniter.php(368): CodeIgniter\CodeIgniter->handleRequest(null, Object(Config\Cache), false)
13 FCPATH/index.php(67): CodeIgniter\CodeIgniter->run()
CRITICAL - 2023-04-06 21:34:02 --> ini_set(): Session ini settings cannot be changed when a session is active
in SYSTEMPATH/Session/Handlers/FileHandler.php on line 72.
 1 [internal function]: CodeIgniter\Debug\Exceptions->errorHandler(2, 'ini_set(): Session ini settings cannot be changed when a session is active', '/data/web/virtuals/52251/virtual/www/subdom/smart/system/Session/Handlers/FileHandler.php', 72)
 2 SYSTEMPATH/Session/Handlers/FileHandler.php(72): ini_set('session.save_path', '/data/web/virtuals/52251/virtual/www/subdom/smart/writable/session')
 3 SYSTEMPATH/Config/Services.php(667): CodeIgniter\Session\Handlers\FileHandler->__construct(Object(Config\App), '46.135.2.96')
 4 SYSTEMPATH/Config/BaseService.php(252): CodeIgniter\Config\Services::session(Object(Config\App), false)
 5 SYSTEMPATH/Config/BaseService.php(193): CodeIgniter\Config\BaseService::__callStatic('session', [...])
 6 SYSTEMPATH/Config/Services.php(641): CodeIgniter\Config\BaseService::getSharedInstance('session', null)
 7 SYSTEMPATH/Config/BaseService.php(252): CodeIgniter\Config\Services::session()
 8 SYSTEMPATH/Common.php(988): CodeIgniter\Config\BaseService::__callStatic('session', [])
 9 APPPATH/Controllers/Auth.php(28): session()
10 SYSTEMPATH/CodeIgniter.php(906): App\Controllers\Auth->__construct()
11 SYSTEMPATH/CodeIgniter.php(490): CodeIgniter\CodeIgniter->createController()
12 SYSTEMPATH/CodeIgniter.php(368): CodeIgniter\CodeIgniter->handleRequest(null, Object(Config\Cache), false)
13 FCPATH/index.php(67): CodeIgniter\CodeIgniter->run()
CRITICAL - 2023-04-06 21:34:52 --> ini_set(): Session ini settings cannot be changed when a session is active
in SYSTEMPATH/Session/Handlers/FileHandler.php on line 72.
 1 [internal function]: CodeIgniter\Debug\Exceptions->errorHandler(2, 'ini_set(): Session ini settings cannot be changed when a session is active', '/data/web/virtuals/52251/virtual/www/subdom/smart/system/Session/Handlers/FileHandler.php', 72)
 2 SYSTEMPATH/Session/Handlers/FileHandler.php(72): ini_set('session.save_path', '/data/web/virtuals/52251/virtual/www/subdom/smart/writable/session')
 3 SYSTEMPATH/Config/Services.php(667): CodeIgniter\Session\Handlers\FileHandler->__construct(Object(Config\App), '46.135.2.96')
 4 SYSTEMPATH/Config/BaseService.php(252): CodeIgniter\Config\Services::session(Object(Config\App), false)
 5 SYSTEMPATH/Config/BaseService.php(193): CodeIgniter\Config\BaseService::__callStatic('session', [...])
 6 SYSTEMPATH/Config/Services.php(641): CodeIgniter\Config\BaseService::getSharedInstance('session', null)
 7 SYSTEMPATH/Config/BaseService.php(252): CodeIgniter\Config\Services::session()
 8 SYSTEMPATH/Common.php(988): CodeIgniter\Config\BaseService::__callStatic('session', [])
 9 APPPATH/Controllers/Auth.php(28): session()
10 SYSTEMPATH/CodeIgniter.php(906): App\Controllers\Auth->__construct()
11 SYSTEMPATH/CodeIgniter.php(490): CodeIgniter\CodeIgniter->createController()
12 SYSTEMPATH/CodeIgniter.php(368): CodeIgniter\CodeIgniter->handleRequest(null, Object(Config\Cache), false)
13 FCPATH/index.php(67): CodeIgniter\CodeIgniter->run()
CRITICAL - 2023-04-06 21:34:55 --> ini_set(): Session ini settings cannot be changed when a session is active
in SYSTEMPATH/Session/Handlers/FileHandler.php on line 72.
 1 [internal function]: CodeIgniter\Debug\Exceptions->errorHandler(2, 'ini_set(): Session ini settings cannot be changed when a session is active', '/data/web/virtuals/52251/virtual/www/subdom/smart/system/Session/Handlers/FileHandler.php', 72)
 2 SYSTEMPATH/Session/Handlers/FileHandler.php(72): ini_set('session.save_path', '/data/web/virtuals/52251/virtual/www/subdom/smart/writable/session')
 3 SYSTEMPATH/Config/Services.php(667): CodeIgniter\Session\Handlers\FileHandler->__construct(Object(Config\App), '46.135.2.96')
 4 SYSTEMPATH/Config/BaseService.php(252): CodeIgniter\Config\Services::session(Object(Config\App), false)
 5 SYSTEMPATH/Config/BaseService.php(193): CodeIgniter\Config\BaseService::__callStatic('session', [...])
 6 SYSTEMPATH/Config/Services.php(641): CodeIgniter\Config\BaseService::getSharedInstance('session', null)
 7 SYSTEMPATH/Config/BaseService.php(252): CodeIgniter\Config\Services::session()
 8 SYSTEMPATH/Common.php(988): CodeIgniter\Config\BaseService::__callStatic('session', [])
 9 APPPATH/Controllers/Auth.php(28): session()
10 SYSTEMPATH/CodeIgniter.php(906): App\Controllers\Auth->__construct()
11 SYSTEMPATH/CodeIgniter.php(490): CodeIgniter\CodeIgniter->createController()
12 SYSTEMPATH/CodeIgniter.php(368): CodeIgniter\CodeIgniter->handleRequest(null, Object(Config\Cache), false)
13 FCPATH/index.php(67): CodeIgniter\CodeIgniter->run()
CRITICAL - 2023-04-06 21:37:23 --> session_save_path(): Session save path cannot be changed when a session is active
in SYSTEMPATH/Session/Handlers/FileHandler.php on line 74.
 1 [internal function]: CodeIgniter\Debug\Exceptions->errorHandler(2, 'session_save_path(): Session save path cannot be changed when a session is active', '/data/web/virtuals/52251/virtual/www/subdom/smart/system/Session/Handlers/FileHandler.php', 74)
 2 SYSTEMPATH/Session/Handlers/FileHandler.php(74): session_save_path('/data/web/virtuals/52251/virtual/www/subdom/smart/writable/session')
 3 SYSTEMPATH/Config/Services.php(667): CodeIgniter\Session\Handlers\FileHandler->__construct(Object(Config\App), '46.135.2.96')
 4 SYSTEMPATH/Config/BaseService.php(252): CodeIgniter\Config\Services::session(Object(Config\App), false)
 5 SYSTEMPATH/Config/BaseService.php(193): CodeIgniter\Config\BaseService::__callStatic('session', [...])
 6 SYSTEMPATH/Config/Services.php(641): CodeIgniter\Config\BaseService::getSharedInstance('session', null)
 7 SYSTEMPATH/Config/BaseService.php(252): CodeIgniter\Config\Services::session()
 8 SYSTEMPATH/Common.php(988): CodeIgniter\Config\BaseService::__callStatic('session', [])
 9 APPPATH/Controllers/Auth.php(28): session()
10 SYSTEMPATH/CodeIgniter.php(906): App\Controllers\Auth->__construct()
11 SYSTEMPATH/CodeIgniter.php(490): CodeIgniter\CodeIgniter->createController()
12 SYSTEMPATH/CodeIgniter.php(368): CodeIgniter\CodeIgniter->handleRequest(null, Object(Config\Cache), false)
13 FCPATH/index.php(67): CodeIgniter\CodeIgniter->run()
CRITICAL - 2023-04-06 21:37:45 --> ini_set(): Session ini settings cannot be changed when a session is active
in SYSTEMPATH/Session/Handlers/FileHandler.php on line 321.
 1 [internal function]: CodeIgniter\Debug\Exceptions->errorHandler(2, 'ini_set(): Session ini settings cannot be changed when a session is active', '/data/web/virtuals/52251/virtual/www/subdom/smart/system/Session/Handlers/FileHandler.php', 321)
 2 SYSTEMPATH/Session/Handlers/FileHandler.php(321): ini_set('session.sid_length', '40')
 3 SYSTEMPATH/Session/Handlers/FileHandler.php(85): CodeIgniter\Session\Handlers\FileHandler->configureSessionIDRegex()
 4 SYSTEMPATH/Config/Services.php(667): CodeIgniter\Session\Handlers\FileHandler->__construct(Object(Config\App), '46.135.2.96')
 5 SYSTEMPATH/Config/BaseService.php(252): CodeIgniter\Config\Services::session(Object(Config\App), false)
 6 SYSTEMPATH/Config/BaseService.php(193): CodeIgniter\Config\BaseService::__callStatic('session', [...])
 7 SYSTEMPATH/Config/Services.php(641): CodeIgniter\Config\BaseService::getSharedInstance('session', null)
 8 SYSTEMPATH/Config/BaseService.php(252): CodeIgniter\Config\Services::session()
 9 SYSTEMPATH/Common.php(988): CodeIgniter\Config\BaseService::__callStatic('session', [])
10 APPPATH/Controllers/Auth.php(28): session()
11 SYSTEMPATH/CodeIgniter.php(906): App\Controllers\Auth->__construct()
12 SYSTEMPATH/CodeIgniter.php(490): CodeIgniter\CodeIgniter->createController()
13 SYSTEMPATH/CodeIgniter.php(368): CodeIgniter\CodeIgniter->handleRequest(null, Object(Config\Cache), false)
14 FCPATH/index.php(67): CodeIgniter\CodeIgniter->run()
ERROR - 2023-04-06 21:38:22 --> Error connecting to the database: mysqli_sql_exception: No such file or directory in /data/web/virtuals/52251/virtual/www/subdom/smart/system/Database/MySQLi/Connection.php:174
Stack trace:
#0 /data/web/virtuals/52251/virtual/www/subdom/smart/system/Database/MySQLi/Connection.php(174): mysqli->real_connect('localhost', '', '', '', 3306, '', 0)
#1 /data/web/virtuals/52251/virtual/www/subdom/smart/system/Database/BaseConnection.php(391): CodeIgniter\Database\MySQLi\Connection->connect(false)
#2 /data/web/virtuals/52251/virtual/www/subdom/smart/system/Database/BaseConnection.php(573): CodeIgniter\Database\BaseConnection->initialize()
#3 /data/web/virtuals/52251/virtual/www/subdom/smart/system/Database/BaseBuilder.php(1616): CodeIgniter\Database\BaseConnection->query('SELECT 1\nFROM `...', Array, false)
#4 /data/web/virtuals/52251/virtual/www/subdom/smart/system/Validation/StrictRules/Rules.php(206): CodeIgniter\Database\BaseBuilder->get()
#5 /data/web/virtuals/52251/virtual/www/subdom/smart/system/Validation/Validation.php(312): CodeIgniter\Validation\StrictRules\Rules->is_unique('tomas@hotarek.c...', 'email', Array, NULL, 'email')
#6 /data/web/virtuals/52251/virtual/www/subdom/smart/system/Validation/Validation.php(170): CodeIgniter\Validation\Validation->processRules('email', 'email', 'tomas@hotarek.c...', Array, Array)
#7 /data/web/virtuals/52251/virtual/www/subdom/smart/system/Controller.php(140): CodeIgniter\Validation\Validation->run()
#8 /data/web/virtuals/52251/virtual/www/subdom/smart/app/Controllers/Auth.php(136): CodeIgniter\Controller->validate(Array)
#9 /data/web/virtuals/52251/virtual/www/subdom/smart/system/CodeIgniter.php(934): App\Controllers\Auth->register()
#10 /data/web/virtuals/52251/virtual/www/subdom/smart/system/CodeIgniter.php(499): CodeIgniter\CodeIgniter->runController(Object(App\Controllers\Auth))
#11 /data/web/virtuals/52251/virtual/www/subdom/smart/system/CodeIgniter.php(368): CodeIgniter\CodeIgniter->handleRequest(NULL, Object(Config\Cache), false)
#12 /data/web/virtuals/52251/virtual/www/subdom/smart/public/index.php(67): CodeIgniter\CodeIgniter->run()
#13 {main}

Next CodeIgniter\Database\Exceptions\DatabaseException: No such file or directory in /data/web/virtuals/52251/virtual/www/subdom/smart/system/Database/MySQLi/Connection.php:218
Stack trace:
#0 /data/web/virtuals/52251/virtual/www/subdom/smart/system/Database/BaseConnection.php(391): CodeIgniter\Database\MySQLi\Connection->connect(false)
#1 /data/web/virtuals/52251/virtual/www/subdom/smart/system/Database/BaseConnection.php(573): CodeIgniter\Database\BaseConnection->initialize()
#2 /data/web/virtuals/52251/virtual/www/subdom/smart/system/Database/BaseBuilder.php(1616): CodeIgniter\Database\BaseConnection->query('SELECT 1\nFROM `...', Array, false)
#3 /data/web/virtuals/52251/virtual/www/subdom/smart/system/Validation/StrictRules/Rules.php(206): CodeIgniter\Database\BaseBuilder->get()
#4 /data/web/virtuals/52251/virtual/www/subdom/smart/system/Validation/Validation.php(312): CodeIgniter\Validation\StrictRules\Rules->is_unique('tomas@hotarek.c...', 'email', Array, NULL, 'email')
#5 /data/web/virtuals/52251/virtual/www/subdom/smart/system/Validation/Validation.php(170): CodeIgniter\Validation\Validation->processRules('email', 'email', 'tomas@hotarek.c...', Array, Array)
#6 /data/web/virtuals/52251/virtual/www/subdom/smart/system/Controller.php(140): CodeIgniter\Validation\Validation->run()
#7 /data/web/virtuals/52251/virtual/www/subdom/smart/app/Controllers/Auth.php(136): CodeIgniter\Controller->validate(Array)
#8 /data/web/virtuals/52251/virtual/www/subdom/smart/system/CodeIgniter.php(934): App\Controllers\Auth->register()
#9 /data/web/virtuals/52251/virtual/www/subdom/smart/system/CodeIgniter.php(499): CodeIgniter\CodeIgniter->runController(Object(App\Controllers\Auth))
#10 /data/web/virtuals/52251/virtual/www/subdom/smart/system/CodeIgniter.php(368): CodeIgniter\CodeIgniter->handleRequest(NULL, Object(Config\Cache), false)
#11 /data/web/virtuals/52251/virtual/www/subdom/smart/public/index.php(67): CodeIgniter\CodeIgniter->run()
#12 {main}
CRITICAL - 2023-04-06 21:38:22 --> Unable to connect to the database.
Main connection [MySQLi]: No such file or directory
in SYSTEMPATH/Database/BaseConnection.php on line 427.
 1 SYSTEMPATH/Database/BaseConnection.php(573): CodeIgniter\Database\BaseConnection->initialize()
 2 SYSTEMPATH/Database/BaseBuilder.php(1616): CodeIgniter\Database\BaseConnection->query('SELECT 1
FROM `users`
WHERE `email` = :email:
 LIMIT 1', [...], false)
 3 SYSTEMPATH/Validation/StrictRules/Rules.php(206): CodeIgniter\Database\BaseBuilder->get()
 4 SYSTEMPATH/Validation/Validation.php(312): CodeIgniter\Validation\StrictRules\Rules->is_unique('tomas@hotarek.cz', 'email', [...], null, 'email')
 5 SYSTEMPATH/Validation/Validation.php(170): CodeIgniter\Validation\Validation->processRules('email', 'email', 'tomas@hotarek.cz', [...], [...])
 6 SYSTEMPATH/Controller.php(140): CodeIgniter\Validation\Validation->run()
 7 APPPATH/Controllers/Auth.php(136): CodeIgniter\Controller->validate([...])
 8 SYSTEMPATH/CodeIgniter.php(934): App\Controllers\Auth->register()
 9 SYSTEMPATH/CodeIgniter.php(499): CodeIgniter\CodeIgniter->runController(Object(App\Controllers\Auth))
10 SYSTEMPATH/CodeIgniter.php(368): CodeIgniter\CodeIgniter->handleRequest(null, Object(Config\Cache), false)
11 FCPATH/index.php(67): CodeIgniter\CodeIgniter->run()
CRITICAL - 2023-04-06 21:43:23 --> "validateUser" is not a valid rule.
in SYSTEMPATH/Validation/Validation.php on line 320.
 1 SYSTEMPATH/Validation/Validation.php(320): CodeIgniter\Validation\Exceptions\ValidationException::forRuleNotFound('validateUser')
 2 SYSTEMPATH/Validation/Validation.php(170): CodeIgniter\Validation\Validation->processRules('password', 'password', 'okin123', [...], [...])
 3 SYSTEMPATH/Controller.php(140): CodeIgniter\Validation\Validation->run()
 4 APPPATH/Controllers/Auth.php(75): CodeIgniter\Controller->validate([...], [...])
 5 SYSTEMPATH/CodeIgniter.php(934): App\Controllers\Auth->login()
 6 SYSTEMPATH/CodeIgniter.php(499): CodeIgniter\CodeIgniter->runController(Object(App\Controllers\Auth))
 7 SYSTEMPATH/CodeIgniter.php(368): CodeIgniter\CodeIgniter->handleRequest(null, Object(Config\Cache), false)
 8 FCPATH/index.php(67): CodeIgniter\CodeIgniter->run()
CRITICAL - 2023-04-06 21:52:37 --> "validateUser" is not a valid rule.
in SYSTEMPATH/Validation/Validation.php on line 320.
 1 SYSTEMPATH/Validation/Validation.php(320): CodeIgniter\Validation\Exceptions\ValidationException::forRuleNotFound('validateUser')
 2 SYSTEMPATH/Validation/Validation.php(170): CodeIgniter\Validation\Validation->processRules('password', 'password', 'okin123', [...], [...])
 3 SYSTEMPATH/Controller.php(140): CodeIgniter\Validation\Validation->run()
 4 APPPATH/Controllers/Auth.php(75): CodeIgniter\Controller->validate([...], [...])
 5 SYSTEMPATH/CodeIgniter.php(934): App\Controllers\Auth->login()
 6 SYSTEMPATH/CodeIgniter.php(499): CodeIgniter\CodeIgniter->runController(Object(App\Controllers\Auth))
 7 SYSTEMPATH/CodeIgniter.php(368): CodeIgniter\CodeIgniter->handleRequest(null, Object(Config\Cache), false)
 8 FCPATH/index.php(67): CodeIgniter\CodeIgniter->run()
CRITICAL - 2023-04-06 21:52:40 --> "validateUser" is not a valid rule.
in SYSTEMPATH/Validation/Validation.php on line 320.
 1 SYSTEMPATH/Validation/Validation.php(320): CodeIgniter\Validation\Exceptions\ValidationException::forRuleNotFound('validateUser')
 2 SYSTEMPATH/Validation/Validation.php(170): CodeIgniter\Validation\Validation->processRules('password', 'password', 'okin123', [...], [...])
 3 SYSTEMPATH/Controller.php(140): CodeIgniter\Validation\Validation->run()
 4 APPPATH/Controllers/Auth.php(75): CodeIgniter\Controller->validate([...], [...])
 5 SYSTEMPATH/CodeIgniter.php(934): App\Controllers\Auth->login()
 6 SYSTEMPATH/CodeIgniter.php(499): CodeIgniter\CodeIgniter->runController(Object(App\Controllers\Auth))
 7 SYSTEMPATH/CodeIgniter.php(368): CodeIgniter\CodeIgniter->handleRequest(null, Object(Config\Cache), false)
 8 FCPATH/index.php(67): CodeIgniter\CodeIgniter->run()
CRITICAL - 2023-04-06 21:53:08 --> "validateUser" is not a valid rule.
in SYSTEMPATH/Validation/Validation.php on line 320.
 1 SYSTEMPATH/Validation/Validation.php(320): CodeIgniter\Validation\Exceptions\ValidationException::forRuleNotFound('validateUser')
 2 SYSTEMPATH/Validation/Validation.php(170): CodeIgniter\Validation\Validation->processRules('password', 'password', 'okin123', [...], [...])
 3 SYSTEMPATH/Controller.php(140): CodeIgniter\Validation\Validation->run()
 4 APPPATH/Controllers/Auth.php(75): CodeIgniter\Controller->validate([...], [...])
 5 SYSTEMPATH/CodeIgniter.php(934): App\Controllers\Auth->login()
 6 SYSTEMPATH/CodeIgniter.php(499): CodeIgniter\CodeIgniter->runController(Object(App\Controllers\Auth))
 7 SYSTEMPATH/CodeIgniter.php(368): CodeIgniter\CodeIgniter->handleRequest(null, Object(Config\Cache), false)
 8 FCPATH/index.php(67): CodeIgniter\CodeIgniter->run()
CRITICAL - 2023-04-06 21:56:32 --> Class "App\Validation\StructureRules" not found
in SYSTEMPATH/Validation/Validation.php on line 596.
 1 SYSTEMPATH/Validation/Validation.php(117): CodeIgniter\Validation\Validation->loadRuleSets()
 2 SYSTEMPATH/Controller.php(140): CodeIgniter\Validation\Validation->run()
 3 APPPATH/Controllers/Auth.php(75): CodeIgniter\Controller->validate([...], [...])
 4 SYSTEMPATH/CodeIgniter.php(934): App\Controllers\Auth->login()
 5 SYSTEMPATH/CodeIgniter.php(499): CodeIgniter\CodeIgniter->runController(Object(App\Controllers\Auth))
 6 SYSTEMPATH/CodeIgniter.php(368): CodeIgniter\CodeIgniter->handleRequest(null, Object(Config\Cache), false)
 7 FCPATH/index.php(67): CodeIgniter\CodeIgniter->run()
CRITICAL - 2023-04-06 21:57:32 --> Class "App\Validation\StructureRules" not found
in SYSTEMPATH/Validation/Validation.php on line 596.
 1 SYSTEMPATH/Validation/Validation.php(117): CodeIgniter\Validation\Validation->loadRuleSets()
 2 SYSTEMPATH/Controller.php(140): CodeIgniter\Validation\Validation->run()
 3 APPPATH/Controllers/Auth.php(75): CodeIgniter\Controller->validate([...], [...])
 4 SYSTEMPATH/CodeIgniter.php(934): App\Controllers\Auth->login()
 5 SYSTEMPATH/CodeIgniter.php(499): CodeIgniter\CodeIgniter->runController(Object(App\Controllers\Auth))
 6 SYSTEMPATH/CodeIgniter.php(368): CodeIgniter\CodeIgniter->handleRequest(null, Object(Config\Cache), false)
 7 FCPATH/index.php(67): CodeIgniter\CodeIgniter->run()
CRITICAL - 2023-04-06 21:57:35 --> Class "App\Validation\StructureRules" not found
in SYSTEMPATH/Validation/Validation.php on line 596.
 1 SYSTEMPATH/Validation/Validation.php(117): CodeIgniter\Validation\Validation->loadRuleSets()
 2 SYSTEMPATH/Controller.php(140): CodeIgniter\Validation\Validation->run()
 3 APPPATH/Controllers/Auth.php(75): CodeIgniter\Controller->validate([...], [...])
 4 SYSTEMPATH/CodeIgniter.php(934): App\Controllers\Auth->login()
 5 SYSTEMPATH/CodeIgniter.php(499): CodeIgniter\CodeIgniter->runController(Object(App\Controllers\Auth))
 6 SYSTEMPATH/CodeIgniter.php(368): CodeIgniter\CodeIgniter->handleRequest(null, Object(Config\Cache), false)
 7 FCPATH/index.php(67): CodeIgniter\CodeIgniter->run()
CRITICAL - 2023-04-06 21:58:18 --> Class "App\Validation\StructureRules" not found
in SYSTEMPATH/Validation/Validation.php on line 596.
 1 SYSTEMPATH/Validation/Validation.php(117): CodeIgniter\Validation\Validation->loadRuleSets()
 2 SYSTEMPATH/Controller.php(140): CodeIgniter\Validation\Validation->run()
 3 APPPATH/Controllers/Auth.php(75): CodeIgniter\Controller->validate([...], [...])
 4 SYSTEMPATH/CodeIgniter.php(934): App\Controllers\Auth->login()
 5 SYSTEMPATH/CodeIgniter.php(499): CodeIgniter\CodeIgniter->runController(Object(App\Controllers\Auth))
 6 SYSTEMPATH/CodeIgniter.php(368): CodeIgniter\CodeIgniter->handleRequest(null, Object(Config\Cache), false)
 7 FCPATH/index.php(67): CodeIgniter\CodeIgniter->run()
CRITICAL - 2023-04-06 21:58:21 --> Class "App\Validation\StructureRules" not found
in SYSTEMPATH/Validation/Validation.php on line 596.
 1 SYSTEMPATH/Validation/Validation.php(117): CodeIgniter\Validation\Validation->loadRuleSets()
 2 SYSTEMPATH/Controller.php(140): CodeIgniter\Validation\Validation->run()
 3 APPPATH/Controllers/Auth.php(75): CodeIgniter\Controller->validate([...], [...])
 4 SYSTEMPATH/CodeIgniter.php(934): App\Controllers\Auth->login()
 5 SYSTEMPATH/CodeIgniter.php(499): CodeIgniter\CodeIgniter->runController(Object(App\Controllers\Auth))
 6 SYSTEMPATH/CodeIgniter.php(368): CodeIgniter\CodeIgniter->handleRequest(null, Object(Config\Cache), false)
 7 FCPATH/index.php(67): CodeIgniter\CodeIgniter->run()
CRITICAL - 2023-04-06 21:58:29 --> Class "App\Validation\StructureRules" not found
in SYSTEMPATH/Validation/Validation.php on line 596.
 1 SYSTEMPATH/Validation/Validation.php(117): CodeIgniter\Validation\Validation->loadRuleSets()
 2 SYSTEMPATH/Controller.php(140): CodeIgniter\Validation\Validation->run()
 3 APPPATH/Controllers/Auth.php(75): CodeIgniter\Controller->validate([...], [...])
 4 SYSTEMPATH/CodeIgniter.php(934): App\Controllers\Auth->login()
 5 SYSTEMPATH/CodeIgniter.php(499): CodeIgniter\CodeIgniter->runController(Object(App\Controllers\Auth))
 6 SYSTEMPATH/CodeIgniter.php(368): CodeIgniter\CodeIgniter->handleRequest(null, Object(Config\Cache), false)
 7 FCPATH/index.php(67): CodeIgniter\CodeIgniter->run()
CRITICAL - 2023-04-06 22:00:25 --> Class "App\Validation\StructureRules" not found
in SYSTEMPATH/Validation/Validation.php on line 596.
 1 SYSTEMPATH/Validation/Validation.php(117): CodeIgniter\Validation\Validation->loadRuleSets()
 2 SYSTEMPATH/Controller.php(140): CodeIgniter\Validation\Validation->run()
 3 APPPATH/Controllers/Auth.php(75): CodeIgniter\Controller->validate([...], [...])
 4 SYSTEMPATH/CodeIgniter.php(934): App\Controllers\Auth->login()
 5 SYSTEMPATH/CodeIgniter.php(499): CodeIgniter\CodeIgniter->runController(Object(App\Controllers\Auth))
 6 SYSTEMPATH/CodeIgniter.php(368): CodeIgniter\CodeIgniter->handleRequest(null, Object(Config\Cache), false)
 7 FCPATH/index.php(67): CodeIgniter\CodeIgniter->run()
CRITICAL - 2023-04-06 22:00:31 --> Class "App\Validation\StructureRules" not found
in SYSTEMPATH/Validation/Validation.php on line 596.
 1 SYSTEMPATH/Validation/Validation.php(117): CodeIgniter\Validation\Validation->loadRuleSets()
 2 SYSTEMPATH/Controller.php(140): CodeIgniter\Validation\Validation->run()
 3 APPPATH/Controllers/Auth.php(75): CodeIgniter\Controller->validate([...], [...])
 4 SYSTEMPATH/CodeIgniter.php(934): App\Controllers\Auth->login()
 5 SYSTEMPATH/CodeIgniter.php(499): CodeIgniter\CodeIgniter->runController(Object(App\Controllers\Auth))
 6 SYSTEMPATH/CodeIgniter.php(368): CodeIgniter\CodeIgniter->handleRequest(null, Object(Config\Cache), false)
 7 FCPATH/index.php(67): CodeIgniter\CodeIgniter->run()
CRITICAL - 2023-04-06 22:01:50 --> Class "App\Validation\StructureRules" not found
in SYSTEMPATH/Validation/Validation.php on line 596.
 1 SYSTEMPATH/Validation/Validation.php(117): CodeIgniter\Validation\Validation->loadRuleSets()
 2 SYSTEMPATH/Controller.php(140): CodeIgniter\Validation\Validation->run()
 3 APPPATH/Controllers/Auth.php(75): CodeIgniter\Controller->validate([...], [...])
 4 SYSTEMPATH/CodeIgniter.php(934): App\Controllers\Auth->login()
 5 SYSTEMPATH/CodeIgniter.php(499): CodeIgniter\CodeIgniter->runController(Object(App\Controllers\Auth))
 6 SYSTEMPATH/CodeIgniter.php(368): CodeIgniter\CodeIgniter->handleRequest(null, Object(Config\Cache), false)
 7 FCPATH/index.php(67): CodeIgniter\CodeIgniter->run()
CRITICAL - 2023-04-06 22:01:53 --> Class "App\Validation\StructureRules" not found
in SYSTEMPATH/Validation/Validation.php on line 596.
 1 SYSTEMPATH/Validation/Validation.php(117): CodeIgniter\Validation\Validation->loadRuleSets()
 2 SYSTEMPATH/Controller.php(140): CodeIgniter\Validation\Validation->run()
 3 APPPATH/Controllers/Auth.php(75): CodeIgniter\Controller->validate([...], [...])
 4 SYSTEMPATH/CodeIgniter.php(934): App\Controllers\Auth->login()
 5 SYSTEMPATH/CodeIgniter.php(499): CodeIgniter\CodeIgniter->runController(Object(App\Controllers\Auth))
 6 SYSTEMPATH/CodeIgniter.php(368): CodeIgniter\CodeIgniter->handleRequest(null, Object(Config\Cache), false)
 7 FCPATH/index.php(67): CodeIgniter\CodeIgniter->run()
CRITICAL - 2023-04-06 22:01:55 --> Class "App\Validation\StructureRules" not found
in SYSTEMPATH/Validation/Validation.php on line 596.
 1 SYSTEMPATH/Validation/Validation.php(117): CodeIgniter\Validation\Validation->loadRuleSets()
 2 SYSTEMPATH/Controller.php(140): CodeIgniter\Validation\Validation->run()
 3 APPPATH/Controllers/Auth.php(75): CodeIgniter\Controller->validate([...], [...])
 4 SYSTEMPATH/CodeIgniter.php(934): App\Controllers\Auth->login()
 5 SYSTEMPATH/CodeIgniter.php(499): CodeIgniter\CodeIgniter->runController(Object(App\Controllers\Auth))
 6 SYSTEMPATH/CodeIgniter.php(368): CodeIgniter\CodeIgniter->handleRequest(null, Object(Config\Cache), false)
 7 FCPATH/index.php(67): CodeIgniter\CodeIgniter->run()
