INFO - 2023-06-24 20:15:52 --> Session: Class initialized using 'CodeIgniter\Session\Handlers\FileHandler' driver.
WARNING - 2023-06-24 20:15:54 --> [DEPRECATED] str_replace(): Passing null to parameter #1 ($search) of type array|string is deprecated in SYSTEMPATH\Database\MySQLi\Connection.php on line 216.
 1 SYSTEMPATH\Database\MySQLi\Connection.php(216): str_replace(null, '****', 'Nemohlo být vytvořeno žádné připojení, protože cílový počítač je aktivně odmítl')
 2 SYSTEMPATH\Database\BaseConnection.php(391): CodeIgniter\Database\MySQLi\Connection->connect(false)
 3 SYSTEMPATH\Database\BaseConnection.php(573): CodeIgniter\Database\BaseConnection->initialize()
 4 APPPATH\Models\ActivityModel.php(23): CodeIgniter\Database\BaseConnection->query('SELECT * FROM activity WHERE user_id = ?', [...])
 5 APPPATH\Controllers\Activity.php(25): App\Models\ActivityModel->getAll()
 6 SYSTEMPATH\CodeIgniter.php(935): App\Controllers\Activity->show()
 7 SYSTEMPATH\CodeIgniter.php(499): CodeIgniter\CodeIgniter->runController(Object(App\Controllers\Activity))
 8 SYSTEMPATH\CodeIgniter.php(368): CodeIgniter\CodeIgniter->handleRequest(null, Object(Config\Cache), false)
 9 FCPATH\index.php(67): CodeIgniter\CodeIgniter->run()
10 SYSTEMPATH\Commands\Server\rewrite.php(47): require_once('C:\\xampp\\htdocs\\TrackItAll\\public\\index.php')
ERROR - 2023-06-24 20:15:54 --> Error connecting to the database: mysqli_sql_exception: Nemohlo být vytvořeno žádné připojení, protože cílový počítač je aktivně odmítl in C:\xampp\htdocs\TrackItAll\system\Database\MySQLi\Connection.php:174
Stack trace:
#0 C:\xampp\htdocs\TrackItAll\system\Database\MySQLi\Connection.php(174): mysqli->real_connect('127.0.0.1', 'root', NULL, 'tia', 3306, '', 0)
#1 C:\xampp\htdocs\TrackItAll\system\Database\BaseConnection.php(391): CodeIgniter\Database\MySQLi\Connection->connect(false)
#2 C:\xampp\htdocs\TrackItAll\system\Database\BaseConnection.php(573): CodeIgniter\Database\BaseConnection->initialize()
#3 C:\xampp\htdocs\TrackItAll\app\Models\ActivityModel.php(23): CodeIgniter\Database\BaseConnection->query('SELECT * FROM a...', Array)
#4 C:\xampp\htdocs\TrackItAll\app\Controllers\Activity.php(25): App\Models\ActivityModel->getAll()
#5 C:\xampp\htdocs\TrackItAll\system\CodeIgniter.php(935): App\Controllers\Activity->show()
#6 C:\xampp\htdocs\TrackItAll\system\CodeIgniter.php(499): CodeIgniter\CodeIgniter->runController(Object(App\Controllers\Activity))
#7 C:\xampp\htdocs\TrackItAll\system\CodeIgniter.php(368): CodeIgniter\CodeIgniter->handleRequest(NULL, Object(Config\Cache), false)
#8 C:\xampp\htdocs\TrackItAll\public\index.php(67): CodeIgniter\CodeIgniter->run()
#9 C:\xampp\htdocs\TrackItAll\system\Commands\Server\rewrite.php(47): require_once('C:\\xampp\\htdocs...')
#10 {main}

Next CodeIgniter\Database\Exceptions\DatabaseException: Nemohlo být vytvořeno žádné připojení, protože cílový počítač je aktivně odmítl in C:\xampp\htdocs\TrackItAll\system\Database\MySQLi\Connection.php:218
Stack trace:
#0 C:\xampp\htdocs\TrackItAll\system\Database\BaseConnection.php(391): CodeIgniter\Database\MySQLi\Connection->connect(false)
#1 C:\xampp\htdocs\TrackItAll\system\Database\BaseConnection.php(573): CodeIgniter\Database\BaseConnection->initialize()
#2 C:\xampp\htdocs\TrackItAll\app\Models\ActivityModel.php(23): CodeIgniter\Database\BaseConnection->query('SELECT * FROM a...', Array)
#3 C:\xampp\htdocs\TrackItAll\app\Controllers\Activity.php(25): App\Models\ActivityModel->getAll()
#4 C:\xampp\htdocs\TrackItAll\system\CodeIgniter.php(935): App\Controllers\Activity->show()
#5 C:\xampp\htdocs\TrackItAll\system\CodeIgniter.php(499): CodeIgniter\CodeIgniter->runController(Object(App\Controllers\Activity))
#6 C:\xampp\htdocs\TrackItAll\system\CodeIgniter.php(368): CodeIgniter\CodeIgniter->handleRequest(NULL, Object(Config\Cache), false)
#7 C:\xampp\htdocs\TrackItAll\public\index.php(67): CodeIgniter\CodeIgniter->run()
#8 C:\xampp\htdocs\TrackItAll\system\Commands\Server\rewrite.php(47): require_once('C:\\xampp\\htdocs...')
#9 {main}
CRITICAL - 2023-06-24 20:15:54 --> Unable to connect to the database.
Main connection [MySQLi]: Nemohlo být vytvořeno žádné připojení, protože cílový počítač je aktivně odmítl
in SYSTEMPATH\Database\BaseConnection.php on line 427.
 1 SYSTEMPATH\Database\BaseConnection.php(573): CodeIgniter\Database\BaseConnection->initialize()
 2 APPPATH\Models\ActivityModel.php(23): CodeIgniter\Database\BaseConnection->query('SELECT * FROM activity WHERE user_id = ?', [...])
 3 APPPATH\Controllers\Activity.php(25): App\Models\ActivityModel->getAll()
 4 SYSTEMPATH\CodeIgniter.php(935): App\Controllers\Activity->show()
 5 SYSTEMPATH\CodeIgniter.php(499): CodeIgniter\CodeIgniter->runController(Object(App\Controllers\Activity))
 6 SYSTEMPATH\CodeIgniter.php(368): CodeIgniter\CodeIgniter->handleRequest(null, Object(Config\Cache), false)
 7 FCPATH\index.php(67): CodeIgniter\CodeIgniter->run()
 8 SYSTEMPATH\Commands\Server\rewrite.php(47): require_once('C:\\xampp\\htdocs\\TrackItAll\\public\\index.php')
INFO - 2023-06-24 20:16:09 --> Session: Class initialized using 'CodeIgniter\Session\Handlers\FileHandler' driver.
INFO - 2023-06-24 20:16:12 --> Session: Class initialized using 'CodeIgniter\Session\Handlers\FileHandler' driver.
INFO - 2023-06-24 20:16:16 --> Session: Class initialized using 'CodeIgniter\Session\Handlers\FileHandler' driver.
CRITICAL - 2023-06-24 20:16:17 --> There is no data to update.
in SYSTEMPATH\BaseModel.php on line 1680.
 1 SYSTEMPATH\BaseModel.php(1680): CodeIgniter\Database\Exceptions\DataException::forEmptyDataset('update')
 2 SYSTEMPATH\BaseModel.php(910): CodeIgniter\BaseModel->transformDataToArray(null, 'update')
 3 SYSTEMPATH\Model.php(756): CodeIgniter\BaseModel->update([...], null)
 4 APPPATH\Models\AuthModel.php(162): CodeIgniter\Model->update([...])
 5 APPPATH\Libraries\AuthLibrary.php(795): App\Models\AuthModel->UpdateSelector([...], 'a630b4c3538b')
 6 APPPATH\Libraries\AuthLibrary.php(748): App\Libraries\AuthLibrary->rememberMeReset('3', 'a630b4c3538b')
 7 APPPATH\Controllers\Auth.php(103): App\Libraries\AuthLibrary->checkCookie()
 8 SYSTEMPATH\CodeIgniter.php(935): App\Controllers\Auth->login()
 9 SYSTEMPATH\CodeIgniter.php(499): CodeIgniter\CodeIgniter->runController(Object(App\Controllers\Auth))
10 SYSTEMPATH\CodeIgniter.php(368): CodeIgniter\CodeIgniter->handleRequest(null, Object(Config\Cache), false)
11 FCPATH\index.php(67): CodeIgniter\CodeIgniter->run()
12 SYSTEMPATH\Commands\Server\rewrite.php(47): require_once('C:\\xampp\\htdocs\\TrackItAll\\public\\index.php')
INFO - 2023-06-24 20:16:24 --> Session: Class initialized using 'CodeIgniter\Session\Handlers\FileHandler' driver.
INFO - 2023-06-24 20:16:36 --> Session: Class initialized using 'CodeIgniter\Session\Handlers\FileHandler' driver.
INFO - 2023-06-24 20:16:48 --> Session: Class initialized using 'CodeIgniter\Session\Handlers\FileHandler' driver.
INFO - 2023-06-24 20:16:57 --> Session: Class initialized using 'CodeIgniter\Session\Handlers\FileHandler' driver.
INFO - 2023-06-24 20:17:03 --> Session: Class initialized using 'CodeIgniter\Session\Handlers\FileHandler' driver.
INFO - 2023-06-24 20:17:06 --> Session: Class initialized using 'CodeIgniter\Session\Handlers\FileHandler' driver.
INFO - 2023-06-24 20:17:57 --> Session: Class initialized using 'CodeIgniter\Session\Handlers\FileHandler' driver.
INFO - 2023-06-24 20:21:09 --> Session: Class initialized using 'CodeIgniter\Session\Handlers\FileHandler' driver.
INFO - 2023-06-24 20:23:16 --> Session: Class initialized using 'CodeIgniter\Session\Handlers\FileHandler' driver.
INFO - 2023-06-24 20:23:17 --> Session: Class initialized using 'CodeIgniter\Session\Handlers\FileHandler' driver.
INFO - 2023-06-24 20:24:52 --> Session: Class initialized using 'CodeIgniter\Session\Handlers\FileHandler' driver.
INFO - 2023-06-24 20:24:52 --> Session: Class initialized using 'CodeIgniter\Session\Handlers\FileHandler' driver.
INFO - 2023-06-24 20:24:56 --> Session: Class initialized using 'CodeIgniter\Session\Handlers\FileHandler' driver.
INFO - 2023-06-24 20:25:18 --> Session: Class initialized using 'CodeIgniter\Session\Handlers\FileHandler' driver.
INFO - 2023-06-24 20:25:22 --> Session: Class initialized using 'CodeIgniter\Session\Handlers\FileHandler' driver.
INFO - 2023-06-24 20:25:27 --> Session: Class initialized using 'CodeIgniter\Session\Handlers\FileHandler' driver.
INFO - 2023-06-24 20:25:28 --> Session: Class initialized using 'CodeIgniter\Session\Handlers\FileHandler' driver.
INFO - 2023-06-24 20:25:34 --> Session: Class initialized using 'CodeIgniter\Session\Handlers\FileHandler' driver.
INFO - 2023-06-24 20:25:44 --> Session: Class initialized using 'CodeIgniter\Session\Handlers\FileHandler' driver.
INFO - 2023-06-24 20:25:44 --> Session: Class initialized using 'CodeIgniter\Session\Handlers\FileHandler' driver.
INFO - 2023-06-24 20:26:55 --> Session: Class initialized using 'CodeIgniter\Session\Handlers\FileHandler' driver.
INFO - 2023-06-24 20:29:29 --> Session: Class initialized using 'CodeIgniter\Session\Handlers\FileHandler' driver.
INFO - 2023-06-24 20:34:13 --> Session: Class initialized using 'CodeIgniter\Session\Handlers\FileHandler' driver.
INFO - 2023-06-24 20:34:39 --> Session: Class initialized using 'CodeIgniter\Session\Handlers\FileHandler' driver.
INFO - 2023-06-24 20:34:39 --> Session: Class initialized using 'CodeIgniter\Session\Handlers\FileHandler' driver.
INFO - 2023-06-24 20:35:05 --> Session: Class initialized using 'CodeIgniter\Session\Handlers\FileHandler' driver.
INFO - 2023-06-24 20:36:01 --> Session: Class initialized using 'CodeIgniter\Session\Handlers\FileHandler' driver.
INFO - 2023-06-24 20:36:21 --> Session: Class initialized using 'CodeIgniter\Session\Handlers\FileHandler' driver.
INFO - 2023-06-24 20:36:22 --> Session: Class initialized using 'CodeIgniter\Session\Handlers\FileHandler' driver.
INFO - 2023-06-24 20:36:48 --> Session: Class initialized using 'CodeIgniter\Session\Handlers\FileHandler' driver.
INFO - 2023-06-24 20:36:56 --> Session: Class initialized using 'CodeIgniter\Session\Handlers\FileHandler' driver.
INFO - 2023-06-24 20:37:04 --> Session: Class initialized using 'CodeIgniter\Session\Handlers\FileHandler' driver.
INFO - 2023-06-24 20:37:20 --> Session: Class initialized using 'CodeIgniter\Session\Handlers\FileHandler' driver.
INFO - 2023-06-24 20:37:25 --> Session: Class initialized using 'CodeIgniter\Session\Handlers\FileHandler' driver.
INFO - 2023-06-24 20:37:36 --> Session: Class initialized using 'CodeIgniter\Session\Handlers\FileHandler' driver.
INFO - 2023-06-24 20:37:44 --> Session: Class initialized using 'CodeIgniter\Session\Handlers\FileHandler' driver.
INFO - 2023-06-24 20:37:51 --> Session: Class initialized using 'CodeIgniter\Session\Handlers\FileHandler' driver.
INFO - 2023-06-24 20:38:45 --> Session: Class initialized using 'CodeIgniter\Session\Handlers\FileHandler' driver.
INFO - 2023-06-24 20:39:29 --> Session: Class initialized using 'CodeIgniter\Session\Handlers\FileHandler' driver.
INFO - 2023-06-24 20:39:38 --> Session: Class initialized using 'CodeIgniter\Session\Handlers\FileHandler' driver.
INFO - 2023-06-24 20:40:12 --> Session: Class initialized using 'CodeIgniter\Session\Handlers\FileHandler' driver.
INFO - 2023-06-24 20:40:57 --> Session: Class initialized using 'CodeIgniter\Session\Handlers\FileHandler' driver.
INFO - 2023-06-24 20:40:58 --> Session: Class initialized using 'CodeIgniter\Session\Handlers\FileHandler' driver.
CRITICAL - 2023-06-24 20:40:58 --> There is no data to update.
in SYSTEMPATH\BaseModel.php on line 1680.
 1 SYSTEMPATH\BaseModel.php(1680): CodeIgniter\Database\Exceptions\DataException::forEmptyDataset('update')
 2 SYSTEMPATH\BaseModel.php(910): CodeIgniter\BaseModel->transformDataToArray(null, 'update')
 3 SYSTEMPATH\Model.php(756): CodeIgniter\BaseModel->update([...], null)
 4 APPPATH\Models\AuthModel.php(162): CodeIgniter\Model->update([...])
 5 APPPATH\Libraries\AuthLibrary.php(795): App\Models\AuthModel->UpdateSelector([...], 'a630b4c3538b')
 6 APPPATH\Libraries\AuthLibrary.php(748): App\Libraries\AuthLibrary->rememberMeReset('3', 'a630b4c3538b')
 7 APPPATH\Controllers\Auth.php(103): App\Libraries\AuthLibrary->checkCookie()
 8 SYSTEMPATH\CodeIgniter.php(935): App\Controllers\Auth->login()
 9 SYSTEMPATH\CodeIgniter.php(964): CodeIgniter\CodeIgniter->runController(Object(App\Controllers\Auth))
10 SYSTEMPATH\CodeIgniter.php(387): CodeIgniter\CodeIgniter->display404errors(Object(CodeIgniter\Exceptions\PageNotFoundException))
11 FCPATH\index.php(67): CodeIgniter\CodeIgniter->run()
12 SYSTEMPATH\Commands\Server\rewrite.php(47): require_once('C:\\xampp\\htdocs\\TrackItAll\\public\\index.php')
INFO - 2023-06-24 20:41:03 --> Session: Class initialized using 'CodeIgniter\Session\Handlers\FileHandler' driver.
INFO - 2023-06-24 20:41:29 --> Session: Class initialized using 'CodeIgniter\Session\Handlers\FileHandler' driver.
CRITICAL - 2023-06-24 20:41:29 --> There is no data to update.
in SYSTEMPATH\BaseModel.php on line 1680.
 1 SYSTEMPATH\BaseModel.php(1680): CodeIgniter\Database\Exceptions\DataException::forEmptyDataset('update')
 2 SYSTEMPATH\BaseModel.php(910): CodeIgniter\BaseModel->transformDataToArray(null, 'update')
 3 SYSTEMPATH\Model.php(756): CodeIgniter\BaseModel->update([...], null)
 4 APPPATH\Models\AuthModel.php(162): CodeIgniter\Model->update([...])
 5 APPPATH\Libraries\AuthLibrary.php(795): App\Models\AuthModel->UpdateSelector([...], 'a630b4c3538b')
 6 APPPATH\Libraries\AuthLibrary.php(748): App\Libraries\AuthLibrary->rememberMeReset('3', 'a630b4c3538b')
 7 APPPATH\Controllers\Auth.php(103): App\Libraries\AuthLibrary->checkCookie()
 8 SYSTEMPATH\CodeIgniter.php(935): App\Controllers\Auth->login()
 9 SYSTEMPATH\CodeIgniter.php(964): CodeIgniter\CodeIgniter->runController(Object(App\Controllers\Auth))
10 SYSTEMPATH\CodeIgniter.php(387): CodeIgniter\CodeIgniter->display404errors(Object(CodeIgniter\Exceptions\PageNotFoundException))
11 FCPATH\index.php(67): CodeIgniter\CodeIgniter->run()
12 SYSTEMPATH\Commands\Server\rewrite.php(47): require_once('C:\\xampp\\htdocs\\TrackItAll\\public\\index.php')
INFO - 2023-06-24 20:41:32 --> Session: Class initialized using 'CodeIgniter\Session\Handlers\FileHandler' driver.
INFO - 2023-06-24 20:41:34 --> Session: Class initialized using 'CodeIgniter\Session\Handlers\FileHandler' driver.
CRITICAL - 2023-06-24 20:41:34 --> There is no data to update.
in SYSTEMPATH\BaseModel.php on line 1680.
 1 SYSTEMPATH\BaseModel.php(1680): CodeIgniter\Database\Exceptions\DataException::forEmptyDataset('update')
 2 SYSTEMPATH\BaseModel.php(910): CodeIgniter\BaseModel->transformDataToArray(null, 'update')
 3 SYSTEMPATH\Model.php(756): CodeIgniter\BaseModel->update([...], null)
 4 APPPATH\Models\AuthModel.php(162): CodeIgniter\Model->update([...])
 5 APPPATH\Libraries\AuthLibrary.php(795): App\Models\AuthModel->UpdateSelector([...], 'a630b4c3538b')
 6 APPPATH\Libraries\AuthLibrary.php(748): App\Libraries\AuthLibrary->rememberMeReset('3', 'a630b4c3538b')
 7 APPPATH\Controllers\Auth.php(103): App\Libraries\AuthLibrary->checkCookie()
 8 SYSTEMPATH\CodeIgniter.php(935): App\Controllers\Auth->login()
 9 SYSTEMPATH\CodeIgniter.php(964): CodeIgniter\CodeIgniter->runController(Object(App\Controllers\Auth))
10 SYSTEMPATH\CodeIgniter.php(387): CodeIgniter\CodeIgniter->display404errors(Object(CodeIgniter\Exceptions\PageNotFoundException))
11 FCPATH\index.php(67): CodeIgniter\CodeIgniter->run()
12 SYSTEMPATH\Commands\Server\rewrite.php(47): require_once('C:\\xampp\\htdocs\\TrackItAll\\public\\index.php')
INFO - 2023-06-24 20:41:35 --> Session: Class initialized using 'CodeIgniter\Session\Handlers\FileHandler' driver.
INFO - 2023-06-24 20:41:51 --> Session: Class initialized using 'CodeIgniter\Session\Handlers\FileHandler' driver.
INFO - 2023-06-24 20:41:52 --> Session: Class initialized using 'CodeIgniter\Session\Handlers\FileHandler' driver.
INFO - 2023-06-24 20:41:53 --> Session: Class initialized using 'CodeIgniter\Session\Handlers\FileHandler' driver.
INFO - 2023-06-24 20:41:55 --> Session: Class initialized using 'CodeIgniter\Session\Handlers\FileHandler' driver.
INFO - 2023-06-24 20:41:57 --> Session: Class initialized using 'CodeIgniter\Session\Handlers\FileHandler' driver.
INFO - 2023-06-24 20:42:14 --> Session: Class initialized using 'CodeIgniter\Session\Handlers\FileHandler' driver.
INFO - 2023-06-24 20:42:16 --> Session: Class initialized using 'CodeIgniter\Session\Handlers\FileHandler' driver.
INFO - 2023-06-24 20:42:19 --> Session: Class initialized using 'CodeIgniter\Session\Handlers\FileHandler' driver.
INFO - 2023-06-24 20:42:21 --> Session: Class initialized using 'CodeIgniter\Session\Handlers\FileHandler' driver.
CRITICAL - 2023-06-24 20:42:21 --> There is no data to update.
in SYSTEMPATH\BaseModel.php on line 1680.
 1 SYSTEMPATH\BaseModel.php(1680): CodeIgniter\Database\Exceptions\DataException::forEmptyDataset('update')
 2 SYSTEMPATH\BaseModel.php(910): CodeIgniter\BaseModel->transformDataToArray(null, 'update')
 3 SYSTEMPATH\Model.php(756): CodeIgniter\BaseModel->update([...], null)
 4 APPPATH\Models\AuthModel.php(162): CodeIgniter\Model->update([...])
 5 APPPATH\Libraries\AuthLibrary.php(795): App\Models\AuthModel->UpdateSelector([...], 'a630b4c3538b')
 6 APPPATH\Libraries\AuthLibrary.php(748): App\Libraries\AuthLibrary->rememberMeReset('3', 'a630b4c3538b')
 7 APPPATH\Controllers\Auth.php(103): App\Libraries\AuthLibrary->checkCookie()
 8 SYSTEMPATH\CodeIgniter.php(935): App\Controllers\Auth->login()
 9 SYSTEMPATH\CodeIgniter.php(964): CodeIgniter\CodeIgniter->runController(Object(App\Controllers\Auth))
10 SYSTEMPATH\CodeIgniter.php(387): CodeIgniter\CodeIgniter->display404errors(Object(CodeIgniter\Exceptions\PageNotFoundException))
11 FCPATH\index.php(67): CodeIgniter\CodeIgniter->run()
12 SYSTEMPATH\Commands\Server\rewrite.php(47): require_once('C:\\xampp\\htdocs\\TrackItAll\\public\\index.php')
INFO - 2023-06-24 20:42:22 --> Session: Class initialized using 'CodeIgniter\Session\Handlers\FileHandler' driver.
INFO - 2023-06-24 20:43:04 --> Session: Class initialized using 'CodeIgniter\Session\Handlers\FileHandler' driver.
CRITICAL - 2023-06-24 20:43:04 --> There is no data to update.
in SYSTEMPATH\BaseModel.php on line 1680.
 1 SYSTEMPATH\BaseModel.php(1680): CodeIgniter\Database\Exceptions\DataException::forEmptyDataset('update')
 2 SYSTEMPATH\BaseModel.php(910): CodeIgniter\BaseModel->transformDataToArray(null, 'update')
 3 SYSTEMPATH\Model.php(756): CodeIgniter\BaseModel->update([...], null)
 4 APPPATH\Models\AuthModel.php(162): CodeIgniter\Model->update([...])
 5 APPPATH\Libraries\AuthLibrary.php(795): App\Models\AuthModel->UpdateSelector([...], 'a630b4c3538b')
 6 APPPATH\Libraries\AuthLibrary.php(748): App\Libraries\AuthLibrary->rememberMeReset('3', 'a630b4c3538b')
 7 APPPATH\Controllers\Auth.php(103): App\Libraries\AuthLibrary->checkCookie()
 8 SYSTEMPATH\CodeIgniter.php(935): App\Controllers\Auth->login()
 9 SYSTEMPATH\CodeIgniter.php(964): CodeIgniter\CodeIgniter->runController(Object(App\Controllers\Auth))
10 SYSTEMPATH\CodeIgniter.php(387): CodeIgniter\CodeIgniter->display404errors(Object(CodeIgniter\Exceptions\PageNotFoundException))
11 FCPATH\index.php(67): CodeIgniter\CodeIgniter->run()
12 SYSTEMPATH\Commands\Server\rewrite.php(47): require_once('C:\\xampp\\htdocs\\TrackItAll\\public\\index.php')
INFO - 2023-06-24 20:43:06 --> Session: Class initialized using 'CodeIgniter\Session\Handlers\FileHandler' driver.
INFO - 2023-06-24 20:43:07 --> Session: Class initialized using 'CodeIgniter\Session\Handlers\FileHandler' driver.
CRITICAL - 2023-06-24 20:43:07 --> There is no data to update.
in SYSTEMPATH\BaseModel.php on line 1680.
 1 SYSTEMPATH\BaseModel.php(1680): CodeIgniter\Database\Exceptions\DataException::forEmptyDataset('update')
 2 SYSTEMPATH\BaseModel.php(910): CodeIgniter\BaseModel->transformDataToArray(null, 'update')
 3 SYSTEMPATH\Model.php(756): CodeIgniter\BaseModel->update([...], null)
 4 APPPATH\Models\AuthModel.php(162): CodeIgniter\Model->update([...])
 5 APPPATH\Libraries\AuthLibrary.php(795): App\Models\AuthModel->UpdateSelector([...], 'a630b4c3538b')
 6 APPPATH\Libraries\AuthLibrary.php(748): App\Libraries\AuthLibrary->rememberMeReset('3', 'a630b4c3538b')
 7 APPPATH\Controllers\Auth.php(103): App\Libraries\AuthLibrary->checkCookie()
 8 SYSTEMPATH\CodeIgniter.php(935): App\Controllers\Auth->login()
 9 SYSTEMPATH\CodeIgniter.php(964): CodeIgniter\CodeIgniter->runController(Object(App\Controllers\Auth))
10 SYSTEMPATH\CodeIgniter.php(387): CodeIgniter\CodeIgniter->display404errors(Object(CodeIgniter\Exceptions\PageNotFoundException))
11 FCPATH\index.php(67): CodeIgniter\CodeIgniter->run()
12 SYSTEMPATH\Commands\Server\rewrite.php(47): require_once('C:\\xampp\\htdocs\\TrackItAll\\public\\index.php')
INFO - 2023-06-24 20:43:08 --> Session: Class initialized using 'CodeIgniter\Session\Handlers\FileHandler' driver.
INFO - 2023-06-24 20:43:09 --> Session: Class initialized using 'CodeIgniter\Session\Handlers\FileHandler' driver.
CRITICAL - 2023-06-24 20:43:09 --> There is no data to update.
in SYSTEMPATH\BaseModel.php on line 1680.
 1 SYSTEMPATH\BaseModel.php(1680): CodeIgniter\Database\Exceptions\DataException::forEmptyDataset('update')
 2 SYSTEMPATH\BaseModel.php(910): CodeIgniter\BaseModel->transformDataToArray(null, 'update')
 3 SYSTEMPATH\Model.php(756): CodeIgniter\BaseModel->update([...], null)
 4 APPPATH\Models\AuthModel.php(162): CodeIgniter\Model->update([...])
 5 APPPATH\Libraries\AuthLibrary.php(795): App\Models\AuthModel->UpdateSelector([...], 'a630b4c3538b')
 6 APPPATH\Libraries\AuthLibrary.php(748): App\Libraries\AuthLibrary->rememberMeReset('3', 'a630b4c3538b')
 7 APPPATH\Controllers\Auth.php(103): App\Libraries\AuthLibrary->checkCookie()
 8 SYSTEMPATH\CodeIgniter.php(935): App\Controllers\Auth->login()
 9 SYSTEMPATH\CodeIgniter.php(964): CodeIgniter\CodeIgniter->runController(Object(App\Controllers\Auth))
10 SYSTEMPATH\CodeIgniter.php(387): CodeIgniter\CodeIgniter->display404errors(Object(CodeIgniter\Exceptions\PageNotFoundException))
11 FCPATH\index.php(67): CodeIgniter\CodeIgniter->run()
12 SYSTEMPATH\Commands\Server\rewrite.php(47): require_once('C:\\xampp\\htdocs\\TrackItAll\\public\\index.php')
INFO - 2023-06-24 20:43:11 --> Session: Class initialized using 'CodeIgniter\Session\Handlers\FileHandler' driver.
INFO - 2023-06-24 20:45:06 --> Session: Class initialized using 'CodeIgniter\Session\Handlers\FileHandler' driver.
INFO - 2023-06-24 20:45:19 --> Session: Class initialized using 'CodeIgniter\Session\Handlers\FileHandler' driver.
INFO - 2023-06-24 20:46:00 --> Session: Class initialized using 'CodeIgniter\Session\Handlers\FileHandler' driver.
INFO - 2023-06-24 20:46:08 --> Session: Class initialized using 'CodeIgniter\Session\Handlers\FileHandler' driver.
INFO - 2023-06-24 20:46:09 --> Session: Class initialized using 'CodeIgniter\Session\Handlers\FileHandler' driver.
INFO - 2023-06-24 20:46:10 --> Session: Class initialized using 'CodeIgniter\Session\Handlers\FileHandler' driver.
INFO - 2023-06-24 20:46:46 --> Session: Class initialized using 'CodeIgniter\Session\Handlers\FileHandler' driver.
INFO - 2023-06-24 20:46:48 --> Session: Class initialized using 'CodeIgniter\Session\Handlers\FileHandler' driver.
CRITICAL - 2023-06-24 20:46:48 --> There is no data to update.
in SYSTEMPATH\BaseModel.php on line 1680.
 1 SYSTEMPATH\BaseModel.php(1680): CodeIgniter\Database\Exceptions\DataException::forEmptyDataset('update')
 2 SYSTEMPATH\BaseModel.php(910): CodeIgniter\BaseModel->transformDataToArray(null, 'update')
 3 SYSTEMPATH\Model.php(756): CodeIgniter\BaseModel->update([...], null)
 4 APPPATH\Models\AuthModel.php(162): CodeIgniter\Model->update([...])
 5 APPPATH\Libraries\AuthLibrary.php(795): App\Models\AuthModel->UpdateSelector([...], 'a630b4c3538b')
 6 APPPATH\Libraries\AuthLibrary.php(748): App\Libraries\AuthLibrary->rememberMeReset('3', 'a630b4c3538b')
 7 APPPATH\Controllers\Auth.php(103): App\Libraries\AuthLibrary->checkCookie()
 8 SYSTEMPATH\CodeIgniter.php(935): App\Controllers\Auth->login()
 9 SYSTEMPATH\CodeIgniter.php(964): CodeIgniter\CodeIgniter->runController(Object(App\Controllers\Auth))
10 SYSTEMPATH\CodeIgniter.php(387): CodeIgniter\CodeIgniter->display404errors(Object(CodeIgniter\Exceptions\PageNotFoundException))
11 FCPATH\index.php(67): CodeIgniter\CodeIgniter->run()
12 SYSTEMPATH\Commands\Server\rewrite.php(47): require_once('C:\\xampp\\htdocs\\TrackItAll\\public\\index.php')
INFO - 2023-06-24 20:46:50 --> Session: Class initialized using 'CodeIgniter\Session\Handlers\FileHandler' driver.
INFO - 2023-06-24 20:46:51 --> Session: Class initialized using 'CodeIgniter\Session\Handlers\FileHandler' driver.
CRITICAL - 2023-06-24 20:46:51 --> There is no data to update.
in SYSTEMPATH\BaseModel.php on line 1680.
 1 SYSTEMPATH\BaseModel.php(1680): CodeIgniter\Database\Exceptions\DataException::forEmptyDataset('update')
 2 SYSTEMPATH\BaseModel.php(910): CodeIgniter\BaseModel->transformDataToArray(null, 'update')
 3 SYSTEMPATH\Model.php(756): CodeIgniter\BaseModel->update([...], null)
 4 APPPATH\Models\AuthModel.php(162): CodeIgniter\Model->update([...])
 5 APPPATH\Libraries\AuthLibrary.php(795): App\Models\AuthModel->UpdateSelector([...], 'a630b4c3538b')
 6 APPPATH\Libraries\AuthLibrary.php(748): App\Libraries\AuthLibrary->rememberMeReset('3', 'a630b4c3538b')
 7 APPPATH\Controllers\Auth.php(103): App\Libraries\AuthLibrary->checkCookie()
 8 SYSTEMPATH\CodeIgniter.php(935): App\Controllers\Auth->login()
 9 SYSTEMPATH\CodeIgniter.php(964): CodeIgniter\CodeIgniter->runController(Object(App\Controllers\Auth))
10 SYSTEMPATH\CodeIgniter.php(387): CodeIgniter\CodeIgniter->display404errors(Object(CodeIgniter\Exceptions\PageNotFoundException))
11 FCPATH\index.php(67): CodeIgniter\CodeIgniter->run()
12 SYSTEMPATH\Commands\Server\rewrite.php(47): require_once('C:\\xampp\\htdocs\\TrackItAll\\public\\index.php')
INFO - 2023-06-24 20:46:52 --> Session: Class initialized using 'CodeIgniter\Session\Handlers\FileHandler' driver.
INFO - 2023-06-24 20:46:53 --> Session: Class initialized using 'CodeIgniter\Session\Handlers\FileHandler' driver.
CRITICAL - 2023-06-24 20:46:53 --> There is no data to update.
in SYSTEMPATH\BaseModel.php on line 1680.
 1 SYSTEMPATH\BaseModel.php(1680): CodeIgniter\Database\Exceptions\DataException::forEmptyDataset('update')
 2 SYSTEMPATH\BaseModel.php(910): CodeIgniter\BaseModel->transformDataToArray(null, 'update')
 3 SYSTEMPATH\Model.php(756): CodeIgniter\BaseModel->update([...], null)
 4 APPPATH\Models\AuthModel.php(162): CodeIgniter\Model->update([...])
 5 APPPATH\Libraries\AuthLibrary.php(795): App\Models\AuthModel->UpdateSelector([...], 'a630b4c3538b')
 6 APPPATH\Libraries\AuthLibrary.php(748): App\Libraries\AuthLibrary->rememberMeReset('3', 'a630b4c3538b')
 7 APPPATH\Controllers\Auth.php(103): App\Libraries\AuthLibrary->checkCookie()
 8 SYSTEMPATH\CodeIgniter.php(935): App\Controllers\Auth->login()
 9 SYSTEMPATH\CodeIgniter.php(964): CodeIgniter\CodeIgniter->runController(Object(App\Controllers\Auth))
10 SYSTEMPATH\CodeIgniter.php(387): CodeIgniter\CodeIgniter->display404errors(Object(CodeIgniter\Exceptions\PageNotFoundException))
11 FCPATH\index.php(67): CodeIgniter\CodeIgniter->run()
12 SYSTEMPATH\Commands\Server\rewrite.php(47): require_once('C:\\xampp\\htdocs\\TrackItAll\\public\\index.php')
INFO - 2023-06-24 20:47:10 --> Session: Class initialized using 'CodeIgniter\Session\Handlers\FileHandler' driver.
INFO - 2023-06-24 20:48:10 --> Session: Class initialized using 'CodeIgniter\Session\Handlers\FileHandler' driver.
INFO - 2023-06-24 20:48:16 --> Session: Class initialized using 'CodeIgniter\Session\Handlers\FileHandler' driver.
INFO - 2023-06-24 20:48:56 --> Session: Class initialized using 'CodeIgniter\Session\Handlers\FileHandler' driver.
INFO - 2023-06-24 20:49:19 --> Session: Class initialized using 'CodeIgniter\Session\Handlers\FileHandler' driver.
INFO - 2023-06-24 20:49:29 --> Session: Class initialized using 'CodeIgniter\Session\Handlers\FileHandler' driver.
INFO - 2023-06-24 20:49:30 --> Session: Class initialized using 'CodeIgniter\Session\Handlers\FileHandler' driver.
INFO - 2023-06-24 20:49:59 --> Session: Class initialized using 'CodeIgniter\Session\Handlers\FileHandler' driver.
INFO - 2023-06-24 20:50:01 --> Session: Class initialized using 'CodeIgniter\Session\Handlers\FileHandler' driver.
CRITICAL - 2023-06-24 20:50:01 --> There is no data to update.
in SYSTEMPATH\BaseModel.php on line 1680.
 1 SYSTEMPATH\BaseModel.php(1680): CodeIgniter\Database\Exceptions\DataException::forEmptyDataset('update')
 2 SYSTEMPATH\BaseModel.php(910): CodeIgniter\BaseModel->transformDataToArray(null, 'update')
 3 SYSTEMPATH\Model.php(756): CodeIgniter\BaseModel->update([...], null)
 4 APPPATH\Models\AuthModel.php(162): CodeIgniter\Model->update([...])
 5 APPPATH\Libraries\AuthLibrary.php(795): App\Models\AuthModel->UpdateSelector([...], 'a630b4c3538b')
 6 APPPATH\Libraries\AuthLibrary.php(748): App\Libraries\AuthLibrary->rememberMeReset('3', 'a630b4c3538b')
 7 APPPATH\Controllers\Auth.php(103): App\Libraries\AuthLibrary->checkCookie()
 8 SYSTEMPATH\CodeIgniter.php(935): App\Controllers\Auth->login()
 9 SYSTEMPATH\CodeIgniter.php(964): CodeIgniter\CodeIgniter->runController(Object(App\Controllers\Auth))
10 SYSTEMPATH\CodeIgniter.php(387): CodeIgniter\CodeIgniter->display404errors(Object(CodeIgniter\Exceptions\PageNotFoundException))
11 FCPATH\index.php(67): CodeIgniter\CodeIgniter->run()
12 SYSTEMPATH\Commands\Server\rewrite.php(47): require_once('C:\\xampp\\htdocs\\TrackItAll\\public\\index.php')
INFO - 2023-06-24 20:50:02 --> Session: Class initialized using 'CodeIgniter\Session\Handlers\FileHandler' driver.
INFO - 2023-06-24 20:50:09 --> Session: Class initialized using 'CodeIgniter\Session\Handlers\FileHandler' driver.
INFO - 2023-06-24 20:50:28 --> Session: Class initialized using 'CodeIgniter\Session\Handlers\FileHandler' driver.
INFO - 2023-06-24 20:51:17 --> Session: Class initialized using 'CodeIgniter\Session\Handlers\FileHandler' driver.
INFO - 2023-06-24 20:51:26 --> Session: Class initialized using 'CodeIgniter\Session\Handlers\FileHandler' driver.
INFO - 2023-06-24 20:51:32 --> Session: Class initialized using 'CodeIgniter\Session\Handlers\FileHandler' driver.
INFO - 2023-06-24 20:51:38 --> Session: Class initialized using 'CodeIgniter\Session\Handlers\FileHandler' driver.
INFO - 2023-06-24 20:51:44 --> Session: Class initialized using 'CodeIgniter\Session\Handlers\FileHandler' driver.
INFO - 2023-06-24 20:52:11 --> Session: Class initialized using 'CodeIgniter\Session\Handlers\FileHandler' driver.
INFO - 2023-06-24 20:52:21 --> Session: Class initialized using 'CodeIgniter\Session\Handlers\FileHandler' driver.
INFO - 2023-06-24 20:52:28 --> Session: Class initialized using 'CodeIgniter\Session\Handlers\FileHandler' driver.
CRITICAL - 2023-06-24 20:52:28 --> There is no data to update.
in SYSTEMPATH\BaseModel.php on line 1680.
 1 SYSTEMPATH\BaseModel.php(1680): CodeIgniter\Database\Exceptions\DataException::forEmptyDataset('update')
 2 SYSTEMPATH\BaseModel.php(910): CodeIgniter\BaseModel->transformDataToArray(null, 'update')
 3 SYSTEMPATH\Model.php(756): CodeIgniter\BaseModel->update([...], null)
 4 APPPATH\Models\AuthModel.php(162): CodeIgniter\Model->update([...])
 5 APPPATH\Libraries\AuthLibrary.php(795): App\Models\AuthModel->UpdateSelector([...], 'a630b4c3538b')
 6 APPPATH\Libraries\AuthLibrary.php(748): App\Libraries\AuthLibrary->rememberMeReset('3', 'a630b4c3538b')
 7 APPPATH\Controllers\Auth.php(103): App\Libraries\AuthLibrary->checkCookie()
 8 SYSTEMPATH\CodeIgniter.php(935): App\Controllers\Auth->login()
 9 SYSTEMPATH\CodeIgniter.php(964): CodeIgniter\CodeIgniter->runController(Object(App\Controllers\Auth))
10 SYSTEMPATH\CodeIgniter.php(387): CodeIgniter\CodeIgniter->display404errors(Object(CodeIgniter\Exceptions\PageNotFoundException))
11 FCPATH\index.php(67): CodeIgniter\CodeIgniter->run()
12 SYSTEMPATH\Commands\Server\rewrite.php(47): require_once('C:\\xampp\\htdocs\\TrackItAll\\public\\index.php')
INFO - 2023-06-24 20:52:30 --> Session: Class initialized using 'CodeIgniter\Session\Handlers\FileHandler' driver.
INFO - 2023-06-24 20:52:41 --> Session: Class initialized using 'CodeIgniter\Session\Handlers\FileHandler' driver.
INFO - 2023-06-24 20:52:45 --> Session: Class initialized using 'CodeIgniter\Session\Handlers\FileHandler' driver.
INFO - 2023-06-24 20:52:55 --> Session: Class initialized using 'CodeIgniter\Session\Handlers\FileHandler' driver.
INFO - 2023-06-24 20:52:57 --> Session: Class initialized using 'CodeIgniter\Session\Handlers\FileHandler' driver.
INFO - 2023-06-24 20:53:15 --> Session: Class initialized using 'CodeIgniter\Session\Handlers\FileHandler' driver.
INFO - 2023-06-24 20:53:15 --> Session: Class initialized using 'CodeIgniter\Session\Handlers\FileHandler' driver.
INFO - 2023-06-24 20:53:38 --> Session: Class initialized using 'CodeIgniter\Session\Handlers\FileHandler' driver.
INFO - 2023-06-24 20:53:51 --> Session: Class initialized using 'CodeIgniter\Session\Handlers\FileHandler' driver.
INFO - 2023-06-24 20:54:25 --> Session: Class initialized using 'CodeIgniter\Session\Handlers\FileHandler' driver.
INFO - 2023-06-24 20:54:29 --> Session: Class initialized using 'CodeIgniter\Session\Handlers\FileHandler' driver.
INFO - 2023-06-24 21:03:00 --> Session: Class initialized using 'CodeIgniter\Session\Handlers\FileHandler' driver.
CRITICAL - 2023-06-24 21:03:00 --> There is no data to update.
in SYSTEMPATH\BaseModel.php on line 1680.
 1 SYSTEMPATH\BaseModel.php(1680): CodeIgniter\Database\Exceptions\DataException::forEmptyDataset('update')
 2 SYSTEMPATH\BaseModel.php(910): CodeIgniter\BaseModel->transformDataToArray(null, 'update')
 3 SYSTEMPATH\Model.php(756): CodeIgniter\BaseModel->update([...], null)
 4 APPPATH\Models\AuthModel.php(162): CodeIgniter\Model->update([...])
 5 APPPATH\Libraries\AuthLibrary.php(795): App\Models\AuthModel->UpdateSelector([...], 'a630b4c3538b')
 6 APPPATH\Libraries\AuthLibrary.php(748): App\Libraries\AuthLibrary->rememberMeReset('3', 'a630b4c3538b')
 7 APPPATH\Controllers\Auth.php(103): App\Libraries\AuthLibrary->checkCookie()
 8 SYSTEMPATH\CodeIgniter.php(935): App\Controllers\Auth->login()
 9 SYSTEMPATH\CodeIgniter.php(964): CodeIgniter\CodeIgniter->runController(Object(App\Controllers\Auth))
10 SYSTEMPATH\CodeIgniter.php(387): CodeIgniter\CodeIgniter->display404errors(Object(CodeIgniter\Exceptions\PageNotFoundException))
11 FCPATH\index.php(67): CodeIgniter\CodeIgniter->run()
12 SYSTEMPATH\Commands\Server\rewrite.php(47): require_once('C:\\xampp\\htdocs\\TrackItAll\\public\\index.php')
INFO - 2023-06-24 21:03:24 --> Session: Class initialized using 'CodeIgniter\Session\Handlers\FileHandler' driver.
INFO - 2023-06-24 21:03:26 --> Session: Class initialized using 'CodeIgniter\Session\Handlers\FileHandler' driver.
CRITICAL - 2023-06-24 21:03:26 --> There is no data to update.
in SYSTEMPATH\BaseModel.php on line 1680.
 1 SYSTEMPATH\BaseModel.php(1680): CodeIgniter\Database\Exceptions\DataException::forEmptyDataset('update')
 2 SYSTEMPATH\BaseModel.php(910): CodeIgniter\BaseModel->transformDataToArray(null, 'update')
 3 SYSTEMPATH\Model.php(756): CodeIgniter\BaseModel->update([...], null)
 4 APPPATH\Models\AuthModel.php(162): CodeIgniter\Model->update([...])
 5 APPPATH\Libraries\AuthLibrary.php(795): App\Models\AuthModel->UpdateSelector([...], 'a630b4c3538b')
 6 APPPATH\Libraries\AuthLibrary.php(748): App\Libraries\AuthLibrary->rememberMeReset('3', 'a630b4c3538b')
 7 APPPATH\Controllers\Auth.php(103): App\Libraries\AuthLibrary->checkCookie()
 8 SYSTEMPATH\CodeIgniter.php(935): App\Controllers\Auth->login()
 9 SYSTEMPATH\CodeIgniter.php(964): CodeIgniter\CodeIgniter->runController(Object(App\Controllers\Auth))
10 SYSTEMPATH\CodeIgniter.php(387): CodeIgniter\CodeIgniter->display404errors(Object(CodeIgniter\Exceptions\PageNotFoundException))
11 FCPATH\index.php(67): CodeIgniter\CodeIgniter->run()
12 SYSTEMPATH\Commands\Server\rewrite.php(47): require_once('C:\\xampp\\htdocs\\TrackItAll\\public\\index.php')
INFO - 2023-06-24 21:03:29 --> Session: Class initialized using 'CodeIgniter\Session\Handlers\FileHandler' driver.
INFO - 2023-06-24 21:03:31 --> Session: Class initialized using 'CodeIgniter\Session\Handlers\FileHandler' driver.
CRITICAL - 2023-06-24 21:03:31 --> There is no data to update.
in SYSTEMPATH\BaseModel.php on line 1680.
 1 SYSTEMPATH\BaseModel.php(1680): CodeIgniter\Database\Exceptions\DataException::forEmptyDataset('update')
 2 SYSTEMPATH\BaseModel.php(910): CodeIgniter\BaseModel->transformDataToArray(null, 'update')
 3 SYSTEMPATH\Model.php(756): CodeIgniter\BaseModel->update([...], null)
 4 APPPATH\Models\AuthModel.php(162): CodeIgniter\Model->update([...])
 5 APPPATH\Libraries\AuthLibrary.php(795): App\Models\AuthModel->UpdateSelector([...], 'a630b4c3538b')
 6 APPPATH\Libraries\AuthLibrary.php(748): App\Libraries\AuthLibrary->rememberMeReset('3', 'a630b4c3538b')
 7 APPPATH\Controllers\Auth.php(103): App\Libraries\AuthLibrary->checkCookie()
 8 SYSTEMPATH\CodeIgniter.php(935): App\Controllers\Auth->login()
 9 SYSTEMPATH\CodeIgniter.php(964): CodeIgniter\CodeIgniter->runController(Object(App\Controllers\Auth))
10 SYSTEMPATH\CodeIgniter.php(387): CodeIgniter\CodeIgniter->display404errors(Object(CodeIgniter\Exceptions\PageNotFoundException))
11 FCPATH\index.php(67): CodeIgniter\CodeIgniter->run()
12 SYSTEMPATH\Commands\Server\rewrite.php(47): require_once('C:\\xampp\\htdocs\\TrackItAll\\public\\index.php')
INFO - 2023-06-24 21:03:33 --> Session: Class initialized using 'CodeIgniter\Session\Handlers\FileHandler' driver.
INFO - 2023-06-24 21:03:43 --> Session: Class initialized using 'CodeIgniter\Session\Handlers\FileHandler' driver.
CRITICAL - 2023-06-24 21:03:43 --> There is no data to update.
in SYSTEMPATH\BaseModel.php on line 1680.
 1 SYSTEMPATH\BaseModel.php(1680): CodeIgniter\Database\Exceptions\DataException::forEmptyDataset('update')
 2 SYSTEMPATH\BaseModel.php(910): CodeIgniter\BaseModel->transformDataToArray(null, 'update')
 3 SYSTEMPATH\Model.php(756): CodeIgniter\BaseModel->update([...], null)
 4 APPPATH\Models\AuthModel.php(162): CodeIgniter\Model->update([...])
 5 APPPATH\Libraries\AuthLibrary.php(795): App\Models\AuthModel->UpdateSelector([...], 'a630b4c3538b')
 6 APPPATH\Libraries\AuthLibrary.php(748): App\Libraries\AuthLibrary->rememberMeReset('3', 'a630b4c3538b')
 7 APPPATH\Controllers\Auth.php(103): App\Libraries\AuthLibrary->checkCookie()
 8 SYSTEMPATH\CodeIgniter.php(935): App\Controllers\Auth->login()
 9 SYSTEMPATH\CodeIgniter.php(964): CodeIgniter\CodeIgniter->runController(Object(App\Controllers\Auth))
10 SYSTEMPATH\CodeIgniter.php(387): CodeIgniter\CodeIgniter->display404errors(Object(CodeIgniter\Exceptions\PageNotFoundException))
11 FCPATH\index.php(67): CodeIgniter\CodeIgniter->run()
12 SYSTEMPATH\Commands\Server\rewrite.php(47): require_once('C:\\xampp\\htdocs\\TrackItAll\\public\\index.php')
INFO - 2023-06-24 21:04:04 --> Session: Class initialized using 'CodeIgniter\Session\Handlers\FileHandler' driver.
CRITICAL - 2023-06-24 21:04:04 --> There is no data to update.
in SYSTEMPATH\BaseModel.php on line 1680.
 1 SYSTEMPATH\BaseModel.php(1680): CodeIgniter\Database\Exceptions\DataException::forEmptyDataset('update')
 2 SYSTEMPATH\BaseModel.php(910): CodeIgniter\BaseModel->transformDataToArray(null, 'update')
 3 SYSTEMPATH\Model.php(756): CodeIgniter\BaseModel->update([...], null)
 4 APPPATH\Models\AuthModel.php(162): CodeIgniter\Model->update([...])
 5 APPPATH\Libraries\AuthLibrary.php(795): App\Models\AuthModel->UpdateSelector([...], 'a630b4c3538b')
 6 APPPATH\Libraries\AuthLibrary.php(748): App\Libraries\AuthLibrary->rememberMeReset('3', 'a630b4c3538b')
 7 APPPATH\Controllers\Auth.php(103): App\Libraries\AuthLibrary->checkCookie()
 8 SYSTEMPATH\CodeIgniter.php(935): App\Controllers\Auth->login()
 9 SYSTEMPATH\CodeIgniter.php(964): CodeIgniter\CodeIgniter->runController(Object(App\Controllers\Auth))
10 SYSTEMPATH\CodeIgniter.php(387): CodeIgniter\CodeIgniter->display404errors(Object(CodeIgniter\Exceptions\PageNotFoundException))
11 FCPATH\index.php(67): CodeIgniter\CodeIgniter->run()
12 SYSTEMPATH\Commands\Server\rewrite.php(47): require_once('C:\\xampp\\htdocs\\TrackItAll\\public\\index.php')
INFO - 2023-06-24 21:04:07 --> Session: Class initialized using 'CodeIgniter\Session\Handlers\FileHandler' driver.
INFO - 2023-06-24 21:04:12 --> Session: Class initialized using 'CodeIgniter\Session\Handlers\FileHandler' driver.
CRITICAL - 2023-06-24 21:04:12 --> There is no data to update.
in SYSTEMPATH\BaseModel.php on line 1680.
 1 SYSTEMPATH\BaseModel.php(1680): CodeIgniter\Database\Exceptions\DataException::forEmptyDataset('update')
 2 SYSTEMPATH\BaseModel.php(910): CodeIgniter\BaseModel->transformDataToArray(null, 'update')
 3 SYSTEMPATH\Model.php(756): CodeIgniter\BaseModel->update([...], null)
 4 APPPATH\Models\AuthModel.php(162): CodeIgniter\Model->update([...])
 5 APPPATH\Libraries\AuthLibrary.php(795): App\Models\AuthModel->UpdateSelector([...], 'a630b4c3538b')
 6 APPPATH\Libraries\AuthLibrary.php(748): App\Libraries\AuthLibrary->rememberMeReset('3', 'a630b4c3538b')
 7 APPPATH\Controllers\Auth.php(103): App\Libraries\AuthLibrary->checkCookie()
 8 SYSTEMPATH\CodeIgniter.php(935): App\Controllers\Auth->login()
 9 SYSTEMPATH\CodeIgniter.php(964): CodeIgniter\CodeIgniter->runController(Object(App\Controllers\Auth))
10 SYSTEMPATH\CodeIgniter.php(387): CodeIgniter\CodeIgniter->display404errors(Object(CodeIgniter\Exceptions\PageNotFoundException))
11 FCPATH\index.php(67): CodeIgniter\CodeIgniter->run()
12 SYSTEMPATH\Commands\Server\rewrite.php(47): require_once('C:\\xampp\\htdocs\\TrackItAll\\public\\index.php')
INFO - 2023-06-24 21:15:05 --> Session: Class initialized using 'CodeIgniter\Session\Handlers\FileHandler' driver.
CRITICAL - 2023-06-24 21:15:05 --> There is no data to update.
in SYSTEMPATH\BaseModel.php on line 1680.
 1 SYSTEMPATH\BaseModel.php(1680): CodeIgniter\Database\Exceptions\DataException::forEmptyDataset('update')
 2 SYSTEMPATH\BaseModel.php(910): CodeIgniter\BaseModel->transformDataToArray(null, 'update')
 3 SYSTEMPATH\Model.php(756): CodeIgniter\BaseModel->update([...], null)
 4 APPPATH\Models\AuthModel.php(162): CodeIgniter\Model->update([...])
 5 APPPATH\Libraries\AuthLibrary.php(795): App\Models\AuthModel->UpdateSelector([...], 'a630b4c3538b')
 6 APPPATH\Libraries\AuthLibrary.php(748): App\Libraries\AuthLibrary->rememberMeReset('3', 'a630b4c3538b')
 7 APPPATH\Controllers\Auth.php(103): App\Libraries\AuthLibrary->checkCookie()
 8 SYSTEMPATH\CodeIgniter.php(935): App\Controllers\Auth->login()
 9 SYSTEMPATH\CodeIgniter.php(964): CodeIgniter\CodeIgniter->runController(Object(App\Controllers\Auth))
10 SYSTEMPATH\CodeIgniter.php(387): CodeIgniter\CodeIgniter->display404errors(Object(CodeIgniter\Exceptions\PageNotFoundException))
11 FCPATH\index.php(67): CodeIgniter\CodeIgniter->run()
12 SYSTEMPATH\Commands\Server\rewrite.php(47): require_once('C:\\xampp\\htdocs\\TrackItAll\\public\\index.php')
INFO - 2023-06-24 21:15:22 --> Session: Class initialized using 'CodeIgniter\Session\Handlers\FileHandler' driver.
CRITICAL - 2023-06-24 21:15:22 --> There is no data to update.
in SYSTEMPATH\BaseModel.php on line 1680.
 1 SYSTEMPATH\BaseModel.php(1680): CodeIgniter\Database\Exceptions\DataException::forEmptyDataset('update')
 2 SYSTEMPATH\BaseModel.php(910): CodeIgniter\BaseModel->transformDataToArray(null, 'update')
 3 SYSTEMPATH\Model.php(756): CodeIgniter\BaseModel->update([...], null)
 4 APPPATH\Models\AuthModel.php(162): CodeIgniter\Model->update([...])
 5 APPPATH\Libraries\AuthLibrary.php(795): App\Models\AuthModel->UpdateSelector([...], 'a630b4c3538b')
 6 APPPATH\Libraries\AuthLibrary.php(748): App\Libraries\AuthLibrary->rememberMeReset('3', 'a630b4c3538b')
 7 APPPATH\Controllers\Auth.php(103): App\Libraries\AuthLibrary->checkCookie()
 8 SYSTEMPATH\CodeIgniter.php(935): App\Controllers\Auth->login()
 9 SYSTEMPATH\CodeIgniter.php(964): CodeIgniter\CodeIgniter->runController(Object(App\Controllers\Auth))
10 SYSTEMPATH\CodeIgniter.php(387): CodeIgniter\CodeIgniter->display404errors(Object(CodeIgniter\Exceptions\PageNotFoundException))
11 FCPATH\index.php(67): CodeIgniter\CodeIgniter->run()
12 SYSTEMPATH\Commands\Server\rewrite.php(47): require_once('C:\\xampp\\htdocs\\TrackItAll\\public\\index.php')
INFO - 2023-06-24 21:15:53 --> Session: Class initialized using 'CodeIgniter\Session\Handlers\FileHandler' driver.
CRITICAL - 2023-06-24 21:15:53 --> There is no data to update.
in SYSTEMPATH\BaseModel.php on line 1680.
 1 SYSTEMPATH\BaseModel.php(1680): CodeIgniter\Database\Exceptions\DataException::forEmptyDataset('update')
 2 SYSTEMPATH\BaseModel.php(910): CodeIgniter\BaseModel->transformDataToArray(null, 'update')
 3 SYSTEMPATH\Model.php(756): CodeIgniter\BaseModel->update([...], null)
 4 APPPATH\Models\AuthModel.php(162): CodeIgniter\Model->update([...])
 5 APPPATH\Libraries\AuthLibrary.php(795): App\Models\AuthModel->UpdateSelector([...], 'a630b4c3538b')
 6 APPPATH\Libraries\AuthLibrary.php(748): App\Libraries\AuthLibrary->rememberMeReset('3', 'a630b4c3538b')
 7 APPPATH\Controllers\Auth.php(103): App\Libraries\AuthLibrary->checkCookie()
 8 SYSTEMPATH\CodeIgniter.php(935): App\Controllers\Auth->login()
 9 SYSTEMPATH\CodeIgniter.php(964): CodeIgniter\CodeIgniter->runController(Object(App\Controllers\Auth))
10 SYSTEMPATH\CodeIgniter.php(387): CodeIgniter\CodeIgniter->display404errors(Object(CodeIgniter\Exceptions\PageNotFoundException))
11 FCPATH\index.php(67): CodeIgniter\CodeIgniter->run()
12 SYSTEMPATH\Commands\Server\rewrite.php(47): require_once('C:\\xampp\\htdocs\\TrackItAll\\public\\index.php')
INFO - 2023-06-24 21:15:54 --> Session: Class initialized using 'CodeIgniter\Session\Handlers\FileHandler' driver.
CRITICAL - 2023-06-24 21:15:54 --> There is no data to update.
in SYSTEMPATH\BaseModel.php on line 1680.
 1 SYSTEMPATH\BaseModel.php(1680): CodeIgniter\Database\Exceptions\DataException::forEmptyDataset('update')
 2 SYSTEMPATH\BaseModel.php(910): CodeIgniter\BaseModel->transformDataToArray(null, 'update')
 3 SYSTEMPATH\Model.php(756): CodeIgniter\BaseModel->update([...], null)
 4 APPPATH\Models\AuthModel.php(162): CodeIgniter\Model->update([...])
 5 APPPATH\Libraries\AuthLibrary.php(795): App\Models\AuthModel->UpdateSelector([...], 'a630b4c3538b')
 6 APPPATH\Libraries\AuthLibrary.php(748): App\Libraries\AuthLibrary->rememberMeReset('3', 'a630b4c3538b')
 7 APPPATH\Controllers\Auth.php(103): App\Libraries\AuthLibrary->checkCookie()
 8 SYSTEMPATH\CodeIgniter.php(935): App\Controllers\Auth->login()
 9 SYSTEMPATH\CodeIgniter.php(964): CodeIgniter\CodeIgniter->runController(Object(App\Controllers\Auth))
10 SYSTEMPATH\CodeIgniter.php(387): CodeIgniter\CodeIgniter->display404errors(Object(CodeIgniter\Exceptions\PageNotFoundException))
11 FCPATH\index.php(67): CodeIgniter\CodeIgniter->run()
12 SYSTEMPATH\Commands\Server\rewrite.php(47): require_once('C:\\xampp\\htdocs\\TrackItAll\\public\\index.php')
INFO - 2023-06-24 21:15:55 --> Session: Class initialized using 'CodeIgniter\Session\Handlers\FileHandler' driver.
CRITICAL - 2023-06-24 21:15:55 --> There is no data to update.
in SYSTEMPATH\BaseModel.php on line 1680.
 1 SYSTEMPATH\BaseModel.php(1680): CodeIgniter\Database\Exceptions\DataException::forEmptyDataset('update')
 2 SYSTEMPATH\BaseModel.php(910): CodeIgniter\BaseModel->transformDataToArray(null, 'update')
 3 SYSTEMPATH\Model.php(756): CodeIgniter\BaseModel->update([...], null)
 4 APPPATH\Models\AuthModel.php(162): CodeIgniter\Model->update([...])
 5 APPPATH\Libraries\AuthLibrary.php(795): App\Models\AuthModel->UpdateSelector([...], 'a630b4c3538b')
 6 APPPATH\Libraries\AuthLibrary.php(748): App\Libraries\AuthLibrary->rememberMeReset('3', 'a630b4c3538b')
 7 APPPATH\Controllers\Auth.php(103): App\Libraries\AuthLibrary->checkCookie()
 8 SYSTEMPATH\CodeIgniter.php(935): App\Controllers\Auth->login()
 9 SYSTEMPATH\CodeIgniter.php(964): CodeIgniter\CodeIgniter->runController(Object(App\Controllers\Auth))
10 SYSTEMPATH\CodeIgniter.php(387): CodeIgniter\CodeIgniter->display404errors(Object(CodeIgniter\Exceptions\PageNotFoundException))
11 FCPATH\index.php(67): CodeIgniter\CodeIgniter->run()
12 SYSTEMPATH\Commands\Server\rewrite.php(47): require_once('C:\\xampp\\htdocs\\TrackItAll\\public\\index.php')
INFO - 2023-06-24 21:15:56 --> Session: Class initialized using 'CodeIgniter\Session\Handlers\FileHandler' driver.
CRITICAL - 2023-06-24 21:15:56 --> There is no data to update.
in SYSTEMPATH\BaseModel.php on line 1680.
 1 SYSTEMPATH\BaseModel.php(1680): CodeIgniter\Database\Exceptions\DataException::forEmptyDataset('update')
 2 SYSTEMPATH\BaseModel.php(910): CodeIgniter\BaseModel->transformDataToArray(null, 'update')
 3 SYSTEMPATH\Model.php(756): CodeIgniter\BaseModel->update([...], null)
 4 APPPATH\Models\AuthModel.php(162): CodeIgniter\Model->update([...])
 5 APPPATH\Libraries\AuthLibrary.php(795): App\Models\AuthModel->UpdateSelector([...], 'a630b4c3538b')
 6 APPPATH\Libraries\AuthLibrary.php(748): App\Libraries\AuthLibrary->rememberMeReset('3', 'a630b4c3538b')
 7 APPPATH\Controllers\Auth.php(103): App\Libraries\AuthLibrary->checkCookie()
 8 SYSTEMPATH\CodeIgniter.php(935): App\Controllers\Auth->login()
 9 SYSTEMPATH\CodeIgniter.php(964): CodeIgniter\CodeIgniter->runController(Object(App\Controllers\Auth))
10 SYSTEMPATH\CodeIgniter.php(387): CodeIgniter\CodeIgniter->display404errors(Object(CodeIgniter\Exceptions\PageNotFoundException))
11 FCPATH\index.php(67): CodeIgniter\CodeIgniter->run()
12 SYSTEMPATH\Commands\Server\rewrite.php(47): require_once('C:\\xampp\\htdocs\\TrackItAll\\public\\index.php')
INFO - 2023-06-24 21:15:56 --> Session: Class initialized using 'CodeIgniter\Session\Handlers\FileHandler' driver.
INFO - 2023-06-24 21:15:57 --> Session: Class initialized using 'CodeIgniter\Session\Handlers\FileHandler' driver.
INFO - 2023-06-24 21:15:57 --> Session: Class initialized using 'CodeIgniter\Session\Handlers\FileHandler' driver.
INFO - 2023-06-24 21:15:59 --> Session: Class initialized using 'CodeIgniter\Session\Handlers\FileHandler' driver.
CRITICAL - 2023-06-24 21:15:59 --> There is no data to update.
in SYSTEMPATH\BaseModel.php on line 1680.
 1 SYSTEMPATH\BaseModel.php(1680): CodeIgniter\Database\Exceptions\DataException::forEmptyDataset('update')
 2 SYSTEMPATH\BaseModel.php(910): CodeIgniter\BaseModel->transformDataToArray(null, 'update')
 3 SYSTEMPATH\Model.php(756): CodeIgniter\BaseModel->update([...], null)
 4 APPPATH\Models\AuthModel.php(162): CodeIgniter\Model->update([...])
 5 APPPATH\Libraries\AuthLibrary.php(795): App\Models\AuthModel->UpdateSelector([...], 'a630b4c3538b')
 6 APPPATH\Libraries\AuthLibrary.php(748): App\Libraries\AuthLibrary->rememberMeReset('3', 'a630b4c3538b')
 7 APPPATH\Controllers\Auth.php(103): App\Libraries\AuthLibrary->checkCookie()
 8 SYSTEMPATH\CodeIgniter.php(935): App\Controllers\Auth->login()
 9 SYSTEMPATH\CodeIgniter.php(964): CodeIgniter\CodeIgniter->runController(Object(App\Controllers\Auth))
10 SYSTEMPATH\CodeIgniter.php(387): CodeIgniter\CodeIgniter->display404errors(Object(CodeIgniter\Exceptions\PageNotFoundException))
11 FCPATH\index.php(67): CodeIgniter\CodeIgniter->run()
12 SYSTEMPATH\Commands\Server\rewrite.php(47): require_once('C:\\xampp\\htdocs\\TrackItAll\\public\\index.php')
INFO - 2023-06-24 21:16:22 --> Session: Class initialized using 'CodeIgniter\Session\Handlers\FileHandler' driver.
INFO - 2023-06-24 21:27:36 --> Session: Class initialized using 'CodeIgniter\Session\Handlers\FileHandler' driver.
CRITICAL - 2023-06-24 21:27:39 --> Too few arguments to function App\Models\ActivityModel::checkOwnership(), 0 passed in C:\xampp\htdocs\TrackItAll\app\Controllers\Activity.php on line 62 and exactly 1 expected
in APPPATH\Models\ActivityModel.php on line 26.
 1 APPPATH\Controllers\Activity.php(62): App\Models\ActivityModel->checkOwnership()
 2 SYSTEMPATH\CodeIgniter.php(935): App\Controllers\Activity->delete('8')
 3 SYSTEMPATH\CodeIgniter.php(499): CodeIgniter\CodeIgniter->runController(Object(App\Controllers\Activity))
 4 SYSTEMPATH\CodeIgniter.php(368): CodeIgniter\CodeIgniter->handleRequest(null, Object(Config\Cache), false)
 5 FCPATH\index.php(67): CodeIgniter\CodeIgniter->run()
 6 SYSTEMPATH\Commands\Server\rewrite.php(47): require_once('C:\\xampp\\htdocs\\TrackItAll\\public\\index.php')
INFO - 2023-06-24 21:28:31 --> Session: Class initialized using 'CodeIgniter\Session\Handlers\FileHandler' driver.
INFO - 2023-06-24 21:28:31 --> Session: Class initialized using 'CodeIgniter\Session\Handlers\FileHandler' driver.
INFO - 2023-06-24 21:28:32 --> Session: Class initialized using 'CodeIgniter\Session\Handlers\FileHandler' driver.
INFO - 2023-06-24 21:28:34 --> Session: Class initialized using 'CodeIgniter\Session\Handlers\FileHandler' driver.
INFO - 2023-06-24 21:28:35 --> Session: Class initialized using 'CodeIgniter\Session\Handlers\FileHandler' driver.
INFO - 2023-06-24 21:28:37 --> Session: Class initialized using 'CodeIgniter\Session\Handlers\FileHandler' driver.
INFO - 2023-06-24 21:28:37 --> Session: Class initialized using 'CodeIgniter\Session\Handlers\FileHandler' driver.
INFO - 2023-06-24 21:28:41 --> Session: Class initialized using 'CodeIgniter\Session\Handlers\FileHandler' driver.
INFO - 2023-06-24 21:28:49 --> Session: Class initialized using 'CodeIgniter\Session\Handlers\FileHandler' driver.
INFO - 2023-06-24 21:28:49 --> Session: Class initialized using 'CodeIgniter\Session\Handlers\FileHandler' driver.
INFO - 2023-06-24 21:29:31 --> Session: Class initialized using 'CodeIgniter\Session\Handlers\FileHandler' driver.
INFO - 2023-06-24 21:29:40 --> Session: Class initialized using 'CodeIgniter\Session\Handlers\FileHandler' driver.
INFO - 2023-06-24 21:29:50 --> Session: Class initialized using 'CodeIgniter\Session\Handlers\FileHandler' driver.
INFO - 2023-06-24 21:29:50 --> Session: Class initialized using 'CodeIgniter\Session\Handlers\FileHandler' driver.
INFO - 2023-06-24 21:29:57 --> Session: Class initialized using 'CodeIgniter\Session\Handlers\FileHandler' driver.
INFO - 2023-06-24 21:29:58 --> Session: Class initialized using 'CodeIgniter\Session\Handlers\FileHandler' driver.
INFO - 2023-06-24 21:30:15 --> Session: Class initialized using 'CodeIgniter\Session\Handlers\FileHandler' driver.
INFO - 2023-06-24 21:30:26 --> Session: Class initialized using 'CodeIgniter\Session\Handlers\FileHandler' driver.
INFO - 2023-06-24 21:30:56 --> Session: Class initialized using 'CodeIgniter\Session\Handlers\FileHandler' driver.
CRITICAL - 2023-06-24 21:30:56 --> There is no data to update.
in SYSTEMPATH\BaseModel.php on line 1680.
 1 SYSTEMPATH\BaseModel.php(1680): CodeIgniter\Database\Exceptions\DataException::forEmptyDataset('update')
 2 SYSTEMPATH\BaseModel.php(910): CodeIgniter\BaseModel->transformDataToArray(null, 'update')
 3 SYSTEMPATH\Model.php(756): CodeIgniter\BaseModel->update([...], null)
 4 APPPATH\Models\AuthModel.php(162): CodeIgniter\Model->update([...])
 5 APPPATH\Libraries\AuthLibrary.php(795): App\Models\AuthModel->UpdateSelector([...], 'a630b4c3538b')
 6 APPPATH\Libraries\AuthLibrary.php(748): App\Libraries\AuthLibrary->rememberMeReset('3', 'a630b4c3538b')
 7 APPPATH\Controllers\Auth.php(103): App\Libraries\AuthLibrary->checkCookie()
 8 SYSTEMPATH\CodeIgniter.php(935): App\Controllers\Auth->login()
 9 SYSTEMPATH\CodeIgniter.php(964): CodeIgniter\CodeIgniter->runController(Object(App\Controllers\Auth))
10 SYSTEMPATH\CodeIgniter.php(387): CodeIgniter\CodeIgniter->display404errors(Object(CodeIgniter\Exceptions\PageNotFoundException))
11 FCPATH\index.php(67): CodeIgniter\CodeIgniter->run()
12 SYSTEMPATH\Commands\Server\rewrite.php(47): require_once('C:\\xampp\\htdocs\\TrackItAll\\public\\index.php')
INFO - 2023-06-24 21:30:58 --> Session: Class initialized using 'CodeIgniter\Session\Handlers\FileHandler' driver.
INFO - 2023-06-24 21:31:39 --> Session: Class initialized using 'CodeIgniter\Session\Handlers\FileHandler' driver.
CRITICAL - 2023-06-24 21:31:39 --> There is no data to update.
in SYSTEMPATH\BaseModel.php on line 1680.
 1 SYSTEMPATH\BaseModel.php(1680): CodeIgniter\Database\Exceptions\DataException::forEmptyDataset('update')
 2 SYSTEMPATH\BaseModel.php(910): CodeIgniter\BaseModel->transformDataToArray(null, 'update')
 3 SYSTEMPATH\Model.php(756): CodeIgniter\BaseModel->update([...], null)
 4 APPPATH\Models\AuthModel.php(162): CodeIgniter\Model->update([...])
 5 APPPATH\Libraries\AuthLibrary.php(795): App\Models\AuthModel->UpdateSelector([...], 'a630b4c3538b')
 6 APPPATH\Libraries\AuthLibrary.php(748): App\Libraries\AuthLibrary->rememberMeReset('3', 'a630b4c3538b')
 7 APPPATH\Controllers\Auth.php(103): App\Libraries\AuthLibrary->checkCookie()
 8 SYSTEMPATH\CodeIgniter.php(935): App\Controllers\Auth->login()
 9 SYSTEMPATH\CodeIgniter.php(964): CodeIgniter\CodeIgniter->runController(Object(App\Controllers\Auth))
10 SYSTEMPATH\CodeIgniter.php(387): CodeIgniter\CodeIgniter->display404errors(Object(CodeIgniter\Exceptions\PageNotFoundException))
11 FCPATH\index.php(67): CodeIgniter\CodeIgniter->run()
12 SYSTEMPATH\Commands\Server\rewrite.php(47): require_once('C:\\xampp\\htdocs\\TrackItAll\\public\\index.php')
INFO - 2023-06-24 21:31:42 --> Session: Class initialized using 'CodeIgniter\Session\Handlers\FileHandler' driver.
INFO - 2023-06-24 21:31:43 --> Session: Class initialized using 'CodeIgniter\Session\Handlers\FileHandler' driver.
INFO - 2023-06-24 21:31:43 --> Session: Class initialized using 'CodeIgniter\Session\Handlers\FileHandler' driver.
INFO - 2023-06-24 21:31:44 --> Session: Class initialized using 'CodeIgniter\Session\Handlers\FileHandler' driver.
INFO - 2023-06-24 21:31:46 --> Session: Class initialized using 'CodeIgniter\Session\Handlers\FileHandler' driver.
INFO - 2023-06-24 21:31:50 --> Session: Class initialized using 'CodeIgniter\Session\Handlers\FileHandler' driver.
INFO - 2023-06-24 21:31:50 --> Session: Class initialized using 'CodeIgniter\Session\Handlers\FileHandler' driver.
INFO - 2023-06-24 21:31:53 --> Session: Class initialized using 'CodeIgniter\Session\Handlers\FileHandler' driver.
INFO - 2023-06-24 21:32:02 --> Session: Class initialized using 'CodeIgniter\Session\Handlers\FileHandler' driver.
INFO - 2023-06-24 21:32:02 --> Session: Class initialized using 'CodeIgniter\Session\Handlers\FileHandler' driver.
INFO - 2023-06-24 21:32:06 --> Session: Class initialized using 'CodeIgniter\Session\Handlers\FileHandler' driver.
INFO - 2023-06-24 21:32:10 --> Session: Class initialized using 'CodeIgniter\Session\Handlers\FileHandler' driver.
INFO - 2023-06-24 21:32:10 --> Session: Class initialized using 'CodeIgniter\Session\Handlers\FileHandler' driver.
INFO - 2023-06-24 21:33:08 --> Session: Class initialized using 'CodeIgniter\Session\Handlers\FileHandler' driver.
INFO - 2023-06-24 21:33:41 --> Session: Class initialized using 'CodeIgniter\Session\Handlers\FileHandler' driver.
INFO - 2023-06-24 21:37:30 --> Session: Class initialized using 'CodeIgniter\Session\Handlers\FileHandler' driver.
INFO - 2023-06-24 21:37:33 --> Session: Class initialized using 'CodeIgniter\Session\Handlers\FileHandler' driver.
