CRITICAL - 2023-05-25 19:08:53 --> Call to undefined function App\Controllers\authenticate()
in APPPATH/Controllers/HomeLight.php on line 34.
 1 SYSTEMPATH/CodeIgniter.php(935): App\Controllers\HomeLight->index()
 2 SYSTEMPATH/CodeIgniter.php(499): CodeIgniter\CodeIgniter->runController(Object(App\Controllers\HomeLight))
 3 SYSTEMPATH/CodeIgniter.php(368): CodeIgniter\CodeIgniter->handleRequest(null, Object(Config\Cache), false)
 4 FCPATH/index.php(67): CodeIgniter\CodeIgniter->run()
CRITICAL - 2023-05-25 19:08:56 --> Call to undefined function App\Controllers\authenticate()
in APPPATH/Controllers/HomeLight.php on line 34.
 1 SYSTEMPATH/CodeIgniter.php(935): App\Controllers\HomeLight->index()
 2 SYSTEMPATH/CodeIgniter.php(499): CodeIgniter\CodeIgniter->runController(Object(App\Controllers\HomeLight))
 3 SYSTEMPATH/CodeIgniter.php(368): CodeIgniter\CodeIgniter->handleRequest(null, Object(Config\Cache), false)
 4 FCPATH/index.php(67): CodeIgniter\CodeIgniter->run()
CRITICAL - 2023-05-25 19:09:11 --> Call to undefined function App\Controllers\authenticate()
in APPPATH/Controllers/HomeLight.php on line 34.
 1 SYSTEMPATH/CodeIgniter.php(935): App\Controllers\HomeLight->index()
 2 SYSTEMPATH/CodeIgniter.php(499): CodeIgniter\CodeIgniter->runController(Object(App\Controllers\HomeLight))
 3 SYSTEMPATH/CodeIgniter.php(368): CodeIgniter\CodeIgniter->handleRequest(null, Object(Config\Cache), false)
 4 FCPATH/index.php(67): CodeIgniter\CodeIgniter->run()
CRITICAL - 2023-05-25 19:09:12 --> Call to undefined function App\Controllers\authenticate()
in APPPATH/Controllers/HomeLight.php on line 34.
 1 SYSTEMPATH/CodeIgniter.php(935): App\Controllers\HomeLight->index()
 2 SYSTEMPATH/CodeIgniter.php(499): CodeIgniter\CodeIgniter->runController(Object(App\Controllers\HomeLight))
 3 SYSTEMPATH/CodeIgniter.php(368): CodeIgniter\CodeIgniter->handleRequest(null, Object(Config\Cache), false)
 4 FCPATH/index.php(67): CodeIgniter\CodeIgniter->run()
CRITICAL - 2023-05-25 19:09:12 --> Call to undefined function App\Controllers\authenticate()
in APPPATH/Controllers/HomeLight.php on line 34.
 1 SYSTEMPATH/CodeIgniter.php(935): App\Controllers\HomeLight->index()
 2 SYSTEMPATH/CodeIgniter.php(499): CodeIgniter\CodeIgniter->runController(Object(App\Controllers\HomeLight))
 3 SYSTEMPATH/CodeIgniter.php(368): CodeIgniter\CodeIgniter->handleRequest(null, Object(Config\Cache), false)
 4 FCPATH/index.php(67): CodeIgniter\CodeIgniter->run()
CRITICAL - 2023-05-25 19:09:12 --> Call to undefined function App\Controllers\authenticate()
in APPPATH/Controllers/HomeLight.php on line 34.
 1 SYSTEMPATH/CodeIgniter.php(935): App\Controllers\HomeLight->index()
 2 SYSTEMPATH/CodeIgniter.php(499): CodeIgniter\CodeIgniter->runController(Object(App\Controllers\HomeLight))
 3 SYSTEMPATH/CodeIgniter.php(368): CodeIgniter\CodeIgniter->handleRequest(null, Object(Config\Cache), false)
 4 FCPATH/index.php(67): CodeIgniter\CodeIgniter->run()
CRITICAL - 2023-05-25 19:09:12 --> Call to undefined function App\Controllers\authenticate()
in APPPATH/Controllers/HomeLight.php on line 34.
 1 SYSTEMPATH/CodeIgniter.php(935): App\Controllers\HomeLight->index()
 2 SYSTEMPATH/CodeIgniter.php(499): CodeIgniter\CodeIgniter->runController(Object(App\Controllers\HomeLight))
 3 SYSTEMPATH/CodeIgniter.php(368): CodeIgniter\CodeIgniter->handleRequest(null, Object(Config\Cache), false)
 4 FCPATH/index.php(67): CodeIgniter\CodeIgniter->run()
CRITICAL - 2023-05-25 19:09:15 --> Call to undefined function App\Controllers\authenticate()
in APPPATH/Controllers/HomeLight.php on line 34.
 1 SYSTEMPATH/CodeIgniter.php(935): App\Controllers\HomeLight->index()
 2 SYSTEMPATH/CodeIgniter.php(499): CodeIgniter\CodeIgniter->runController(Object(App\Controllers\HomeLight))
 3 SYSTEMPATH/CodeIgniter.php(368): CodeIgniter\CodeIgniter->handleRequest(null, Object(Config\Cache), false)
 4 FCPATH/index.php(67): CodeIgniter\CodeIgniter->run()
CRITICAL - 2023-05-25 19:09:36 --> Call to undefined function App\Controllers\authenticate()
in APPPATH/Controllers/HomeLight.php on line 34.
 1 SYSTEMPATH/CodeIgniter.php(935): App\Controllers\HomeLight->index()
 2 SYSTEMPATH/CodeIgniter.php(499): CodeIgniter\CodeIgniter->runController(Object(App\Controllers\HomeLight))
 3 SYSTEMPATH/CodeIgniter.php(368): CodeIgniter\CodeIgniter->handleRequest(null, Object(Config\Cache), false)
 4 FCPATH/index.php(67): CodeIgniter\CodeIgniter->run()
